[1] 2018-12-26 10:03:05 Command Paras:e:\unit-exam\staff\2.xml e:\unit-exam\audio\2.wav MAN e:\unit-exam\data\2.json 80 A#5
--------------------------------------------
[1] 2018-12-26 10:06:24 Command Paras:e:\unit-exam\staff\1.xml e:\unit-exam\audio\1.wav MAN e:\unit-exam\data\1.json 75 Eb6
--------------------------------------------
[1] 2018-12-26 10:20:33 Command Paras:e:\unit-exam\staff\1.xml e:\unit-exam\audio\1.wav MAN e:\unit-exam\data\1.json 75 Eb6
--------------------------------------------
[1] 2018-12-26 10:30:42 Command Paras:e:\unit-exam\staff\1.xml e:\unit-exam\audio\1.wav MAN e:\unit-exam\data\1.json 75 Eb6
--------------------------------------------
[1] 2018-12-26 10:35:16 Command Paras:e:\unit-exam\staff\1.xml e:\unit-exam\audio\1.wav MAN e:\unit-exam\data\1.json 75 Eb6
--------------------------------------------
[1] 2018-12-26 10:36:29 Command Paras:e:\unit-exam\staff\1.xml e:\unit-exam\audio\1.wav MAN e:\unit-exam\data\1.json 75 Eb6
--------------------------------------------
[1] 2018-12-26 10:42:40 Command Paras:e:\unit-exam\staff\1.xml e:\unit-exam\audio\1.wav MAN e:\unit-exam\data\1.json 75 Eb6
--------------------------------------------
[1] 2018-12-26 10:45:35 Command Paras:e:\unit-exam\staff\1.xml e:\unit-exam\audio\1.wav MAN e:\unit-exam\data\1.json 75 Eb6
--------------------------------------------
[1] 2018-12-26 10:46:29 Command Paras:e:\unit-exam\staff\1.xml e:\unit-exam\audio\1.wav MAN e:\unit-exam\data\1.json 75 Eb6
--------------------------------------------
[1] 2018-12-26 10:56:16 Command Paras:e:\unit-exam\staff\1.xml e:\unit-exam\audio\1.wav MAN e:\unit-exam\data\1.json 75 Eb6
--------------------------------------------
[1] 2018-12-26 10:56:35 Command Paras:e:\unit-exam\staff\1.xml e:\unit-exam\audio\1.wav MAN e:\unit-exam\data\1.json 75 Eb6
--------------------------------------------
[1] 2018-12-26 11:02:25 Command Paras:e:\unit-exam\staff\1.xml e:\unit-exam\audio\1.wav MAN e:\unit-exam\data\1.json 75 Eb6
--------------------------------------------
[1] 2018-12-26 11:04:03 Command Paras:e:\unit-exam\staff\1.xml e:\unit-exam\audio\1.wav MAN e:\unit-exam\data\1.json 75 Eb6
--------------------------------------------
[1] 2018-12-26 11:04:51 Command Paras:e:\unit-exam\staff\1.xml e:\unit-exam\audio\1.wav MAN e:\unit-exam\data\1.json 75 Eb6
--------------------------------------------
[1] 2018-12-26 11:09:33 Command Paras:e:\unit-exam\staff\2.xml e:\unit-exam\audio\2.wav MAN e:\unit-exam\data\2.json 80 A#5
--------------------------------------------
[1] 2018-12-26 11:31:26 Command Paras:e:\unit-exam\staff\2.xml e:\unit-exam\audio\2.wav MAN e:\unit-exam\data\2.json 80 A#5
--------------------------------------------
[1] 2018-12-26 12:29:40 Command Paras:e:\unit-exam\staff\1.xml e:\unit-exam\audio\1c81bf47b60249b3a19de24d4a22c8fa.wav MAN e:\unit-exam\data\1.json 75 Eb6
--------------------------------------------
[1] 2018-12-26 12:39:27 Command Paras:e:\unit-exam\staff\1.xml e:\unit-exam\audio\1.wav MAN e:\unit-exam\data\1.json 75 Eb6
--------------------------------------------
[1] 2018-12-26 12:39:27 Command Paras:e:\unit-exam\staff\1.xml e:\unit-exam\audio\1.wav MAN e:\unit-exam\data\1.json 75 Eb6
--------------------------------------------
[1] 2018-12-26 12:50:03 Command Paras:e:\unit-exam\staff\1.xml e:\unit-exam\audio\1.wav MAN e:\unit-exam\data\1.json 75 Eb6
--------------------------------------------
[1] 2018-12-26 12:50:42 Command Paras:e:\unit-exam\staff\1.xml e:\unit-exam\audio\1.wav MAN e:\unit-exam\data\1.json 75 Eb6
--------------------------------------------
[1] 2018-12-26 01:33:53 Command Paras:e:\unit-exam\staff\1.xml e:\unit-exam\audio\1.wav MAN e:\unit-exam\data\1.json 75 Eb6
--------------------------------------------
[1] 2018-12-26 01:34:32 Command Paras:e:\unit-exam\staff\1.xml e:\unit-exam\audio\1c81bf47b60249b3a19de24d4a22c8fa.wav MAN e:\unit-exam\data\1.json 75 Eb6
--------------------------------------------
[1] 2018-12-26 02:05:38 Command Paras:e:\unit-exam\staff\1.xml e:\unit-exam\audio\7fce7f95d6aa4d9f9a1a1c17171e45c7.wav MAN e:\unit-exam\data\7fce7f95d6aa4d9f9a1a1c17171e45c7-1.json 75 Eb6
--------------------------------------------
[1] 2018-12-26 02:20:53 Command Paras:e:\unit-exam\staff\1.xml e:\unit-exam\audio\57589c627e7d404bbf431ae2e853503b.wav MAN e:\unit-exam\data\57589c627e7d404bbf431ae2e853503b-1.json 75 Eb6
--------------------------------------------
[1] 2018-12-26 02:21:48 Command Paras:e:\unit-exam\staff\1.xml e:\unit-exam\audio\5c882145d10c442186d6ec8527fe84f1.wav MAN e:\unit-exam\data\5c882145d10c442186d6ec8527fe84f1-1.json 75 Eb6
--------------------------------------------
[1] 2018-12-26 02:22:24 Command Paras:e:\unit-exam\staff\1.xml e:\unit-exam\audio\0f9fe73c05fe462bb1e2c1d6898cd4cf.wav MAN e:\unit-exam\data\0f9fe73c05fe462bb1e2c1d6898cd4cf-1.json 75 Eb6
--------------------------------------------
[1] 2018-12-26 02:23:49 Command Paras:e:\unit-exam\staff\1.xml e:\unit-exam\audio\777c9d0c5d0744d2a8f308b2ef3076f6.wav MAN e:\unit-exam\data\777c9d0c5d0744d2a8f308b2ef3076f6-1.json 75 Eb6
--------------------------------------------
[1] 2018-12-26 05:06:14 Command Paras:e:\unit-exam\staff\1.xml e:\unit-exam\audio\236321c7604f402b94bc9f2d30510612.wav MAN e:\unit-exam\data\236321c7604f402b94bc9f2d30510612-1.json 75 Eb6
--------------------------------------------
[1] 2018-12-26 05:19:54 Command Paras:e:\unit-exam\staff\1.xml e:\unit-exam\audio\e853f7360e0b447eb4705648f53971c4.wav MAN e:\unit-exam\data\e853f7360e0b447eb4705648f53971c4-1.json 75 Eb6
--------------------------------------------
[1] 2018-12-26 05:29:06 Command Paras:e:\unit-exam\staff\1.xml e:\unit-exam\audio\8fad0305bfd54b5f8eeb2382586a5d58.wav MAN e:\unit-exam\data\8fad0305bfd54b5f8eeb2382586a5d58-1.json 75 Eb6
--------------------------------------------
[1] 2018-12-26 05:36:43 Command Paras:e:\unit-exam\staff\1.xml e:\unit-exam\audio\a424aefc73dd473b9164f0b34f69cfca.wav MAN e:\unit-exam\data\a424aefc73dd473b9164f0b34f69cfca-1.json 75 Eb6
--------------------------------------------
[1] 2018-12-26 05:37:30 Command Paras:e:\unit-exam\staff\1.xml e:\unit-exam\audio\8e10e5a076ff403594f99fc9441f5096.wav MAN e:\unit-exam\data\8e10e5a076ff403594f99fc9441f5096-1.json 75 Eb6
--------------------------------------------
[1] 2018-12-26 05:39:31 Command Paras:e:\unit-exam\staff\1.xml e:\unit-exam\audio\ab2ce7d81f0f4e01a35e1ac1ce333061.wav MAN e:\unit-exam\data\ab2ce7d81f0f4e01a35e1ac1ce333061-1.json 75 Eb6
--------------------------------------------
[1] 2018-12-26 05:46:49 Command Paras:e:\unit-exam\staff\1.xml e:\unit-exam\audio\558cef68b6fa42c79eb7a18a8041dafa.wav MAN e:\unit-exam\data\558cef68b6fa42c79eb7a18a8041dafa-1.json 75 Eb6
--------------------------------------------
[1] 2018-12-26 05:51:02 Command Paras:e:\unit-exam\staff\1.xml e:\unit-exam\audio\439dc317dc2b45d0afe9a96d3a4b8f0c.wav MAN e:\unit-exam\data\439dc317dc2b45d0afe9a96d3a4b8f0c-1.json 75 Eb6
--------------------------------------------
[1] 2018-12-26 05:51:05 Command Paras:e:\unit-exam\staff\1.xml e:\unit-exam\audio\7a4f2e0cdb634758b63859357ac7d072.wav MAN e:\unit-exam\data\7a4f2e0cdb634758b63859357ac7d072-1.json 75 Eb6
--------------------------------------------
[1] 2018-12-26 05:51:08 Command Paras:e:\unit-exam\staff\1.xml e:\unit-exam\audio\15759a80e06f48b1871cf5af6324dc53.wav MAN e:\unit-exam\data\15759a80e06f48b1871cf5af6324dc53-1.json 75 Eb6
--------------------------------------------
[1] 2018-12-26 05:51:11 Command Paras:e:\unit-exam\staff\2.xml e:\unit-exam\audio\6ed585efb8f4454eaf8a1a6a38c4b960.wav MAN e:\unit-exam\data\6ed585efb8f4454eaf8a1a6a38c4b960-2.json 80 A#5
--------------------------------------------
[1] 2018-12-26 05:51:14 Command Paras:e:\unit-exam\staff\2.xml e:\unit-exam\audio\aaadf952854b48baa8e7c5f127cb527e.wav MAN e:\unit-exam\data\aaadf952854b48baa8e7c5f127cb527e-2.json 80 A#5
--------------------------------------------
[1] 2018-12-26 05:51:16 Command Paras:e:\unit-exam\staff\2.xml e:\unit-exam\audio\62ddc2b1a7644b1aa481476255eee610.wav MAN e:\unit-exam\data\62ddc2b1a7644b1aa481476255eee610-2.json 80 A#5
--------------------------------------------
[1] 2018-12-26 05:51:40 Command Paras:e:\unit-exam\staff\67.xml e:\unit-exam\audio\c78b3fcf7e80438b9a1777979c2185ff.wav MAN e:\unit-exam\data\c78b3fcf7e80438b9a1777979c2185ff-67.json 75 C#5,C#6
--------------------------------------------
[1] 2018-12-26 05:51:42 Command Paras:e:\unit-exam\staff\67.xml e:\unit-exam\audio\4ac1afe29d024e4db818f4fc354fce79.wav MAN e:\unit-exam\data\4ac1afe29d024e4db818f4fc354fce79-67.json 75 C#5,C#6
--------------------------------------------
[1] 2018-12-26 05:51:46 Command Paras:e:\unit-exam\staff\67.xml e:\unit-exam\audio\8da8a20a8df343629d8d143c5afee2b0.wav MAN e:\unit-exam\data\8da8a20a8df343629d8d143c5afee2b0-67.json 75 C#5,C#6
--------------------------------------------
[1] 2018-12-26 05:51:49 Command Paras:e:\unit-exam\staff\92.xml e:\unit-exam\audio\b59e69af6ea342ec9027a2e3ff9fdd33.wav MAN e:\unit-exam\data\b59e69af6ea342ec9027a2e3ff9fdd33-92.json 75 A#5
--------------------------------------------
[1] 2018-12-26 05:51:52 Command Paras:e:\unit-exam\staff\92.xml e:\unit-exam\audio\75fb3abc35514f20a41b0cde7dcb8a03.wav MAN e:\unit-exam\data\75fb3abc35514f20a41b0cde7dcb8a03-92.json 75 A#5
--------------------------------------------
[1] 2018-12-26 05:51:55 Command Paras:e:\unit-exam\staff\92.xml e:\unit-exam\audio\4babcde8219c432f86795a4f76820ae2.wav MAN e:\unit-exam\data\4babcde8219c432f86795a4f76820ae2-92.json 75 A#5
--------------------------------------------
[1] 2018-12-26 05:51:56 Command Paras:e:\unit-exam\staff\98.xml e:\unit-exam\audio\8baf431179fe40818c8831d2fd2d18c4.wav MAN e:\unit-exam\data\8baf431179fe40818c8831d2fd2d18c4-98.json 80 G#5,E#5
--------------------------------------------
[1] 2018-12-26 05:52:00 Command Paras:e:\unit-exam\staff\98.xml e:\unit-exam\audio\1cd154992d364c06a984a35f6644a52b.wav MAN e:\unit-exam\data\1cd154992d364c06a984a35f6644a52b-98.json 80 G#5,E#5
--------------------------------------------
[1] 2018-12-26 05:52:03 Command Paras:e:\unit-exam\staff\98.xml e:\unit-exam\audio\5af8e48073e2490f9b3870b9e09aefc1.wav MAN e:\unit-exam\data\5af8e48073e2490f9b3870b9e09aefc1-98.json 80 G#5,E#5
--------------------------------------------
[1] 2018-12-26 05:53:22 Command Paras:e:\unit-exam\staff\1.xml e:\unit-exam\audio\be54659627e9490a88029f6b40f4ef76.wav MAN e:\unit-exam\data\be54659627e9490a88029f6b40f4ef76-1.json 75 Eb6
--------------------------------------------
[1] 2018-12-26 05:56:22 Command Paras:e:\unit-exam\staff\1.xml e:\unit-exam\audio\173b1e6c6b65498490595ca4ccdfbea3.wav MAN e:\unit-exam\data\173b1e6c6b65498490595ca4ccdfbea3-1.json 75 Eb6
--------------------------------------------
[1] 2018-12-26 05:57:41 Command Paras:e:\unit-exam\staff\1.xml e:\unit-exam\audio\052294e825fe40368e1817417c4dadee.wav MAN e:\unit-exam\data\052294e825fe40368e1817417c4dadee-1.json 75 Eb6
--------------------------------------------
[1] 2018-12-26 05:58:25 Command Paras:e:\unit-exam\staff\1.xml e:\unit-exam\audio\323dca64ee83422388cf08cd43ab6421.wav MAN e:\unit-exam\data\323dca64ee83422388cf08cd43ab6421-1.json 75 Eb6
--------------------------------------------
[1] 2018-12-26 05:58:28 Command Paras:e:\unit-exam\staff\2.xml e:\unit-exam\audio\a3c010002de14995a1c6fa933525f285.wav MAN e:\unit-exam\data\a3c010002de14995a1c6fa933525f285-2.json 80 A#5
--------------------------------------------
[1] 2018-12-26 05:58:31 Command Paras:e:\unit-exam\staff\2.xml e:\unit-exam\audio\23ad070e9b054cf3b9d4eeeeb54b03e0.wav MAN e:\unit-exam\data\23ad070e9b054cf3b9d4eeeeb54b03e0-2.json 80 A#5
--------------------------------------------
[1] 2018-12-26 05:58:33 Command Paras:e:\unit-exam\staff\2.xml e:\unit-exam\audio\37581c862e9841b4a3fca0078a69bc2b.wav MAN e:\unit-exam\data\37581c862e9841b4a3fca0078a69bc2b-2.json 80 A#5
--------------------------------------------
[1] 2018-12-26 05:58:43 Command Paras:e:\unit-exam\staff\67.xml e:\unit-exam\audio\10995ac207a44a88a1f215e54c29b25d.wav MAN e:\unit-exam\data\10995ac207a44a88a1f215e54c29b25d-67.json 75 C#5,C#6
--------------------------------------------
[1] 2018-12-26 05:58:46 Command Paras:e:\unit-exam\staff\67.xml e:\unit-exam\audio\2628e541410d44d99d914d8faded700a.wav MAN e:\unit-exam\data\2628e541410d44d99d914d8faded700a-67.json 75 C#5,C#6
--------------------------------------------
[1] 2018-12-26 05:58:49 Command Paras:e:\unit-exam\staff\67.xml e:\unit-exam\audio\fc2b8694b9774d40aa8da7841c3de64d.wav MAN e:\unit-exam\data\fc2b8694b9774d40aa8da7841c3de64d-67.json 75 C#5,C#6
--------------------------------------------
[1] 2018-12-26 05:58:51 Command Paras:e:\unit-exam\staff\92.xml e:\unit-exam\audio\f1e77cae60324eacb08674209067d6f6.wav MAN e:\unit-exam\data\f1e77cae60324eacb08674209067d6f6-92.json 75 A#5
--------------------------------------------
[1] 2018-12-26 05:58:53 Command Paras:e:\unit-exam\staff\92.xml e:\unit-exam\audio\6a53e451e7bd4c7891e1f36b0992ad0b.wav MAN e:\unit-exam\data\6a53e451e7bd4c7891e1f36b0992ad0b-92.json 75 A#5
--------------------------------------------
[1] 2018-12-26 05:58:55 Command Paras:e:\unit-exam\staff\92.xml e:\unit-exam\audio\b042440d77414310b736e43415094357.wav MAN e:\unit-exam\data\b042440d77414310b736e43415094357-92.json 75 A#5
--------------------------------------------
[1] 2018-12-26 05:58:57 Command Paras:e:\unit-exam\staff\98.xml e:\unit-exam\audio\5238e07c334443b5b4050473b1da6815.wav MAN e:\unit-exam\data\5238e07c334443b5b4050473b1da6815-98.json 80 G#5,E#5
--------------------------------------------
[1] 2018-12-26 05:58:58 Command Paras:e:\unit-exam\staff\98.xml e:\unit-exam\audio\75bb2fb6d0664942871407d527971017.wav MAN e:\unit-exam\data\75bb2fb6d0664942871407d527971017-98.json 80 G#5,E#5
--------------------------------------------
[1] 2018-12-26 05:59:00 Command Paras:e:\unit-exam\staff\98.xml e:\unit-exam\audio\ce84017f0c664cc2ae82095a77223126.wav MAN e:\unit-exam\data\ce84017f0c664cc2ae82095a77223126-98.json 80 G#5,E#5
--------------------------------------------
