[1] 2019-01-10 10:25:31 Command Paras:e:\unit-exam\staff\14.xml e:\unit-exam\audio\05e399ca59b44aa188bbd39ff295e8ee-14.wav MAN e:\unit-exam\data\05e399ca59b44aa188bbd39ff295e8ee-14.json 75 D#5
--------------------------------------------
[1] 2019-01-10 10:25:33 Command Paras:e:\unit-exam\staff\97.xml e:\unit-exam\audio\44e996e702a9403d97851d2be4565281-97.wav MAN e:\unit-exam\data\44e996e702a9403d97851d2be4565281-97.json 75 G#5,C#6,Bb5
--------------------------------------------
[1] 2019-01-10 10:25:35 Command Paras:e:\unit-exam\staff\114.xml e:\unit-exam\audio\07b91fa7c46d4586aaa44417ba2fcc36-114.wav MAN e:\unit-exam\data\07b91fa7c46d4586aaa44417ba2fcc36-114.json 80 F#5,C#5
--------------------------------------------
[1] 2019-01-10 10:25:38 Command Paras:e:\unit-exam\staff\104.xml e:\unit-exam\audio\9704baea79be4d8f951c7be56dec17b2-104.wav MAN e:\unit-exam\data\9704baea79be4d8f951c7be56dec17b2-104.json 75 D#6,D#5
--------------------------------------------
[1] 2019-01-10 10:25:40 Command Paras:e:\unit-exam\staff\137.xml e:\unit-exam\audio\cbeadeba261b49408c8c26d0408942e5-137.wav MAN e:\unit-exam\data\cbeadeba261b49408c8c26d0408942e5-137.json 85  
--------------------------------------------
[1] 2019-01-10 10:25:42 Command Paras:e:\unit-exam\staff\60.xml e:\unit-exam\audio\868bcffa35f54c4a8d0dd93b800d638d-60.wav MAN e:\unit-exam\data\868bcffa35f54c4a8d0dd93b800d638d-60.json 80  
--------------------------------------------
[1] 2019-01-10 10:25:44 Command Paras:e:\unit-exam\staff\69.xml e:\unit-exam\audio\44db5fb41db74896b4d7568b038a06f2-69.wav MAN e:\unit-exam\data\44db5fb41db74896b4d7568b038a06f2-69.json 75  
--------------------------------------------
[1] 2019-01-10 10:25:47 Command Paras:e:\unit-exam\staff\99.xml e:\unit-exam\audio\fe30f997e37a4dbb811598d132a34274-99.wav MAN e:\unit-exam\data\fe30f997e37a4dbb811598d132a34274-99.json 75  
--------------------------------------------
[1] 2019-01-10 10:25:49 Command Paras:e:\unit-exam\staff\126.xml e:\unit-exam\audio\6b10ad9d96344e3183897894077c251b-126.wav MAN e:\unit-exam\data\6b10ad9d96344e3183897894077c251b-126.json 80  
--------------------------------------------
[1] 2019-01-10 10:25:51 Command Paras:e:\unit-exam\staff\102.xml e:\unit-exam\audio\03d13a7a139d43afa946691ce71c120b-102.wav MAN e:\unit-exam\data\03d13a7a139d43afa946691ce71c120b-102.json 80  
--------------------------------------------
[1] 2019-01-10 10:25:53 Command Paras:e:\unit-exam\staff\134.xml e:\unit-exam\audio\1ed34db629194186b405306dfca76902-134.wav MAN e:\unit-exam\data\1ed34db629194186b405306dfca76902-134.json 75 A#5,D#5
--------------------------------------------
[1] 2019-01-10 10:25:55 Command Paras:e:\unit-exam\staff\55.xml e:\unit-exam\audio\bea6d67404694dc6ab7e9464f49ff7c6-55.wav MAN e:\unit-exam\data\bea6d67404694dc6ab7e9464f49ff7c6-55.json 75 G#5
--------------------------------------------
[1] 2019-01-10 10:25:58 Command Paras:e:\unit-exam\staff\70.xml e:\unit-exam\audio\e52673fcf014455eafc08e054c1e59bb-70.wav MAN e:\unit-exam\data\e52673fcf014455eafc08e054c1e59bb-70.json 80 B5,C#5
--------------------------------------------
[1] 2019-01-10 10:26:03 Command Paras:e:\unit-exam\staff\14.xml e:\unit-exam\audio\885b3a2e496e46e48950826c9a7f0626-14.wav MAN e:\unit-exam\data\885b3a2e496e46e48950826c9a7f0626-14.json 75 D#5
--------------------------------------------
[1] 2019-01-10 10:26:05 Command Paras:e:\unit-exam\staff\50.xml e:\unit-exam\audio\0c51d58ec31340a39bb0e6969e6ebfbf-50.wav MAN e:\unit-exam\data\0c51d58ec31340a39bb0e6969e6ebfbf-50.json 75 D#5,D#6
--------------------------------------------
[1] 2019-01-10 10:26:10 Command Paras:e:\unit-exam\staff\90.xml e:\unit-exam\audio\ab90f0c4908b46a2afa9c76f6e4df3ad-90.wav MAN e:\unit-exam\data\ab90f0c4908b46a2afa9c76f6e4df3ad-90.json 80  
--------------------------------------------
[1] 2019-01-10 10:26:13 Command Paras:e:\unit-exam\staff\108.xml e:\unit-exam\audio\241375fc4b80477daf6a14ef3ee2b3bd-108.wav MAN e:\unit-exam\data\241375fc4b80477daf6a14ef3ee2b3bd-108.json 80 C#5
--------------------------------------------
[1] 2019-01-10 10:26:15 Command Paras:e:\unit-exam\staff\59.xml e:\unit-exam\audio\650b0cdce84c4bf89d9137b80b97438b-59.wav MAN e:\unit-exam\data\650b0cdce84c4bf89d9137b80b97438b-59.json 85  
--------------------------------------------
[1] 2019-01-10 10:26:17 Command Paras:e:\unit-exam\staff\118.xml e:\unit-exam\audio\7576b53134cd40d5a355939cac690e35-118.wav MAN e:\unit-exam\data\7576b53134cd40d5a355939cac690e35-118.json 80 G#5,B5
--------------------------------------------
[1] 2019-01-10 10:26:19 Command Paras:e:\unit-exam\staff\7.xml e:\unit-exam\audio\71f34ca72b394e8c91cd05729342a8ed-7.wav MAN e:\unit-exam\data\71f34ca72b394e8c91cd05729342a8ed-7.json 75 C#5,D#5,F5
--------------------------------------------
[1] 2019-01-10 10:26:20 Command Paras:e:\unit-exam\staff\40.xml e:\unit-exam\audio\6e2e0f3c7fc14313956345ce3bf3b880-40.wav MAN e:\unit-exam\data\6e2e0f3c7fc14313956345ce3bf3b880-40.json 80  
--------------------------------------------
[1] 2019-01-10 10:26:25 Command Paras:e:\unit-exam\staff\72.xml e:\unit-exam\audio\d0faf8dd366747afb1e76d911f69e615-72.wav MAN e:\unit-exam\data\d0faf8dd366747afb1e76d911f69e615-72.json 80  
--------------------------------------------
[1] 2019-01-10 10:26:27 Command Paras:e:\unit-exam\staff\83.xml e:\unit-exam\audio\975829ec403d4a29ac5c5c619628609c-83.wav MAN e:\unit-exam\data\975829ec403d4a29ac5c5c619628609c-83.json 85 G#5
--------------------------------------------
[1] 2019-01-10 10:26:29 Command Paras:e:\unit-exam\staff\142.xml e:\unit-exam\audio\537f2fe402c2438baccc4472ad944e91-142.wav MAN e:\unit-exam\data\537f2fe402c2438baccc4472ad944e91-142.json 80 B5
--------------------------------------------
[1] 2019-01-10 10:26:32 Command Paras:e:\unit-exam\staff\147.xml e:\unit-exam\audio\62ad332ef7634d089fc3f5aad9a20bb8-147.wav MAN e:\unit-exam\data\62ad332ef7634d089fc3f5aad9a20bb8-147.json 75  
--------------------------------------------
[1] 2019-01-10 10:26:34 Command Paras:e:\unit-exam\staff\105.xml e:\unit-exam\audio\cee76ab3269044f9a2b723b9b0d8fdab-105.wav MAN e:\unit-exam\data\cee76ab3269044f9a2b723b9b0d8fdab-105.json 75 D#5,G#5,C#5
--------------------------------------------
[1] 2019-01-10 10:26:37 Command Paras:e:\unit-exam\staff\112.xml e:\unit-exam\audio\819e929bf645441a91a7efde31ea3fc0-112.wav MAN e:\unit-exam\data\819e929bf645441a91a7efde31ea3fc0-112.json 80 Db5
--------------------------------------------
[1] 2019-01-10 10:26:40 Command Paras:e:\unit-exam\staff\115.xml e:\unit-exam\audio\b524ad7806c44a89b5e14c764a315184-115.wav MAN e:\unit-exam\data\b524ad7806c44a89b5e14c764a315184-115.json 75 G#5,Eb6
--------------------------------------------
[1] 2019-01-10 10:26:45 Command Paras:e:\unit-exam\staff\5.xml e:\unit-exam\audio\663bbcc2173140c998f645ebd336e879-5.wav MAN e:\unit-exam\data\663bbcc2173140c998f645ebd336e879-5.json 80 C#5
--------------------------------------------
[1] 2019-01-10 10:26:47 Command Paras:e:\unit-exam\staff\6.xml e:\unit-exam\audio\d11b8254c00646a886cd23047d40d9b2-6.wav MAN e:\unit-exam\data\d11b8254c00646a886cd23047d40d9b2-6.json 80  
--------------------------------------------
[1] 2019-01-10 10:26:49 Command Paras:e:\unit-exam\staff\119.xml e:\unit-exam\audio\ff256c00f013472cb47033282ea6f092-119.wav MAN e:\unit-exam\data\ff256c00f013472cb47033282ea6f092-119.json 85 D#6
--------------------------------------------
[1] 2019-01-10 10:26:52 Command Paras:e:\unit-exam\staff\57.xml e:\unit-exam\audio\f07e0bb7731847ac85d138bf90f4c483-57.wav MAN e:\unit-exam\data\f07e0bb7731847ac85d138bf90f4c483-57.json 75  
--------------------------------------------
[1] 2019-01-10 10:26:53 Command Paras:e:\unit-exam\staff\10.xml e:\unit-exam\audio\3175ac2a50654c9a9acbd76b00dc25d9-10.wav MAN e:\unit-exam\data\3175ac2a50654c9a9acbd76b00dc25d9-10.json 80 B5
--------------------------------------------
[1] 2019-01-10 10:26:55 Command Paras:e:\unit-exam\staff\148.xml e:\unit-exam\audio\a255e4b3ee4e4089b43b71cca4bc5dfc-148.wav MAN e:\unit-exam\data\a255e4b3ee4e4089b43b71cca4bc5dfc-148.json 80 Db6,B5
--------------------------------------------
[1] 2019-01-10 10:26:59 Command Paras:e:\unit-exam\staff\42.xml e:\unit-exam\audio\5384014893aa468ab9a02ac6070b0bf4-42.wav MAN e:\unit-exam\data\5384014893aa468ab9a02ac6070b0bf4-42.json 80  
--------------------------------------------
[1] 2019-01-10 10:27:01 Command Paras:e:\unit-exam\staff\52.xml e:\unit-exam\audio\0ea2dc455ad24ab59e3df536f5cdeda9-52.wav MAN e:\unit-exam\data\0ea2dc455ad24ab59e3df536f5cdeda9-52.json 80 B4
--------------------------------------------
[1] 2019-01-10 10:27:03 Command Paras:e:\unit-exam\staff\87.xml e:\unit-exam\audio\624ebd971d5c448a8f27b66b21be2bd8-87.wav MAN e:\unit-exam\data\624ebd971d5c448a8f27b66b21be2bd8-87.json 75  
--------------------------------------------
[1] 2019-01-10 10:27:06 Command Paras:e:\unit-exam\staff\84.xml e:\unit-exam\audio\e38e784e888d412ab48583a1bcb5416a-84.wav MAN e:\unit-exam\data\e38e784e888d412ab48583a1bcb5416a-84.json 80  
--------------------------------------------
[1] 2019-01-10 10:27:07 Command Paras:e:\unit-exam\staff\122.xml e:\unit-exam\audio\aa99408194b147e88d4590960770061e-122.wav MAN e:\unit-exam\data\aa99408194b147e88d4590960770061e-122.json 80 D5,A#6
--------------------------------------------
[1] 2019-01-10 10:27:10 Command Paras:e:\unit-exam\staff\117.xml e:\unit-exam\audio\7b56c23761774ea6b9c96e374ade537a-117.wav MAN e:\unit-exam\data\7b56c23761774ea6b9c96e374ade537a-117.json 80  
--------------------------------------------
[1] 2019-01-10 10:27:12 Command Paras:e:\unit-exam\staff\49.xml e:\unit-exam\audio\6291d9a8af744dd48a28bba2f7547e97-49.wav MAN e:\unit-exam\data\6291d9a8af744dd48a28bba2f7547e97-49.json 75  
--------------------------------------------
[1] 2019-01-10 10:27:17 Command Paras:e:\unit-exam\staff\63.xml e:\unit-exam\audio\53d8b462137e43f6adcbb7911cfba352-63.wav MAN e:\unit-exam\data\53d8b462137e43f6adcbb7911cfba352-63.json 75 G#5
--------------------------------------------
[1] 2019-01-10 10:27:23 Command Paras:e:\unit-exam\staff\66.xml e:\unit-exam\audio\fa14f44e1d9b49d89ef5345a730a5fe6-66.wav MAN e:\unit-exam\data\fa14f44e1d9b49d89ef5345a730a5fe6-66.json 80  
--------------------------------------------
[1] 2019-01-10 10:27:28 Command Paras:e:\unit-exam\staff\93.xml e:\unit-exam\audio\351b2cd68d554baf9ad35c080a0ee599-93.wav MAN e:\unit-exam\data\351b2cd68d554baf9ad35c080a0ee599-93.json 80 G#5
--------------------------------------------
[1] 2019-01-10 10:27:31 Command Paras:e:\unit-exam\staff\94.xml e:\unit-exam\audio\24c07423df56431ab575970781b1a872-94.wav MAN e:\unit-exam\data\24c07423df56431ab575970781b1a872-94.json 80  
--------------------------------------------
[1] 2019-01-10 10:27:33 Command Paras:e:\unit-exam\staff\12.xml e:\unit-exam\audio\f8c8558773e1497698d363a18b2fca1d-12.wav MAN e:\unit-exam\data\f8c8558773e1497698d363a18b2fca1d-12.json 80  
--------------------------------------------
[1] 2019-01-10 10:27:35 Command Paras:e:\unit-exam\staff\68.xml e:\unit-exam\audio\9c0cbce94df74a92b2f91f35cf3b3977-68.wav MAN e:\unit-exam\data\9c0cbce94df74a92b2f91f35cf3b3977-68.json 75 D#5,A#5,G#5
--------------------------------------------
[1] 2019-01-10 10:27:38 Command Paras:e:\unit-exam\staff\22.xml e:\unit-exam\audio\d03743bd61db483a949dfbfeaf4d7d99-22.wav MAN e:\unit-exam\data\d03743bd61db483a949dfbfeaf4d7d99-22.json 80 B5
--------------------------------------------
[1] 2019-01-10 10:27:39 Command Paras:e:\unit-exam\staff\78.xml e:\unit-exam\audio\bb9dbe7458ff49a386e6524e9f0cc72f-78.wav MAN e:\unit-exam\data\bb9dbe7458ff49a386e6524e9f0cc72f-78.json 80  
--------------------------------------------
[1] 2019-01-10 10:27:41 Command Paras:e:\unit-exam\staff\34.xml e:\unit-exam\audio\2d9b4400f88b48f1a7a7a682272e2c25-34.wav MAN e:\unit-exam\data\2d9b4400f88b48f1a7a7a682272e2c25-34.json 80 F#5,G#5,B4,B5
--------------------------------------------
[1] 2019-01-10 10:27:43 Command Paras:e:\unit-exam\staff\103.xml e:\unit-exam\audio\c58229c8793344c08e29020cf1c0e7d9-103.wav MAN e:\unit-exam\data\c58229c8793344c08e29020cf1c0e7d9-103.json 75 Eb5,A#4,D#5,C#6,Ab5
--------------------------------------------
[1] 2019-01-10 10:27:45 Command Paras:e:\unit-exam\staff\111.xml e:\unit-exam\audio\9cbd26b406c44e7e8fbdffd7447b925c-111.wav MAN e:\unit-exam\data\9cbd26b406c44e7e8fbdffd7447b925c-111.json 75  
--------------------------------------------
[1] 2019-01-10 10:27:47 Command Paras:e:\unit-exam\staff\109.xml e:\unit-exam\audio\a4ecde9cc1394793bf5ea6db07b05e4b-109.wav MAN e:\unit-exam\data\a4ecde9cc1394793bf5ea6db07b05e4b-109.json 75 A#5,G#5
--------------------------------------------
[1] 2019-01-10 10:27:49 Command Paras:e:\unit-exam\staff\135.xml e:\unit-exam\audio\d8757528ea6c40e7b3d70e152b3b4b77-135.wav MAN e:\unit-exam\data\d8757528ea6c40e7b3d70e152b3b4b77-135.json 75  
--------------------------------------------
[1] 2019-01-10 10:27:51 Command Paras:e:\unit-exam\staff\150.xml e:\unit-exam\audio\53217b4beb744722a010283fdaf7acc3-150.wav MAN e:\unit-exam\data\53217b4beb744722a010283fdaf7acc3-150.json 80 C#5,C#6,F#5
--------------------------------------------
[1] 2019-01-10 10:27:52 Command Paras:e:\unit-exam\staff\24.xml e:\unit-exam\audio\d5f943969cbe492cb0b104197a9419db-24.wav MAN e:\unit-exam\data\d5f943969cbe492cb0b104197a9419db-24.json 80  
--------------------------------------------
[1] 2019-01-10 10:27:55 Command Paras:e:\unit-exam\staff\35.xml e:\unit-exam\audio\7a716cbf140f4ca0a2a314934d961a7a-35.wav MAN e:\unit-exam\data\7a716cbf140f4ca0a2a314934d961a7a-35.json 80 C#5,C#6
--------------------------------------------
[1] 2019-01-10 10:27:57 Command Paras:e:\unit-exam\staff\51.xml e:\unit-exam\audio\4fbb890c60814c0e9de6d0cf48193134-51.wav MAN e:\unit-exam\data\4fbb890c60814c0e9de6d0cf48193134-51.json 80  
--------------------------------------------
[1] 2019-01-10 10:27:59 Command Paras:e:\unit-exam\staff\77.xml e:\unit-exam\audio\c00badf6bfb04296b9b0223b752575b7-77.wav MAN e:\unit-exam\data\c00badf6bfb04296b9b0223b752575b7-77.json 85 G#5,C6
--------------------------------------------
[1] 2019-01-10 10:28:01 Command Paras:e:\unit-exam\staff\141.xml e:\unit-exam\audio\491cf51486cf4aed9ba736f833471a87-141.wav MAN e:\unit-exam\data\491cf51486cf4aed9ba736f833471a87-141.json 75  
--------------------------------------------
[1] 2019-01-10 10:28:03 Command Paras:e:\unit-exam\staff\124.xml e:\unit-exam\audio\4ebf3b8106b647569c49eec8f6fc2c4d-124.wav MAN e:\unit-exam\data\4ebf3b8106b647569c49eec8f6fc2c4d-124.json 80 C#5
--------------------------------------------
[1] 2019-01-10 10:28:06 Command Paras:e:\unit-exam\staff\143.xml e:\unit-exam\audio\ef06c82b66ba4228a7dcb1577ae46adf-143.wav MAN e:\unit-exam\data\ef06c82b66ba4228a7dcb1577ae46adf-143.json 85 C6,G#5
--------------------------------------------
[1] 2019-01-10 10:28:10 Command Paras:e:\unit-exam\staff\129.xml e:\unit-exam\audio\751fabe5427e415787dcbc01488acb14-129.wav MAN e:\unit-exam\data\751fabe5427e415787dcbc01488acb14-129.json 75  
--------------------------------------------
[1] 2019-01-10 10:28:14 Command Paras:e:\unit-exam\staff\17.xml e:\unit-exam\audio\2ea1d8a6afd441c2b3da206e98dcce13-17.wav MAN e:\unit-exam\data\2ea1d8a6afd441c2b3da206e98dcce13-17.json 80 C#5,C#6
--------------------------------------------
[1] 2019-01-10 10:28:16 Command Paras:e:\unit-exam\staff\31.xml e:\unit-exam\audio\5b6bd03852cd4f46a469e08f557bddac-31.wav MAN e:\unit-exam\data\5b6bd03852cd4f46a469e08f557bddac-31.json 75 C#6
--------------------------------------------
[1] 2019-01-10 10:28:20 Command Paras:e:\unit-exam\staff\4.xml e:\unit-exam\audio\0d638805a1844d39b57b50f7fd3807aa-4.wav MAN e:\unit-exam\data\0d638805a1844d39b57b50f7fd3807aa-4.json 80 G#5,C#5
--------------------------------------------
[1] 2019-01-10 10:28:24 Command Paras:e:\unit-exam\staff\48.xml e:\unit-exam\audio\62f738f65b55497b9edb4f32b0218c7f-48.wav MAN e:\unit-exam\data\62f738f65b55497b9edb4f32b0218c7f-48.json 85  
--------------------------------------------
[1] 2019-01-10 10:28:26 Command Paras:e:\unit-exam\staff\64.xml e:\unit-exam\audio\09d2e6fbf7d3410db01d006c5c5da015-64.wav MAN e:\unit-exam\data\09d2e6fbf7d3410db01d006c5c5da015-64.json 80 B5,C#6
--------------------------------------------
[1] 2019-01-10 10:28:28 Command Paras:e:\unit-exam\staff\97.xml e:\unit-exam\audio\97e50ea981234c3b8c4860c14f8ffdb8-97.wav MAN e:\unit-exam\data\97e50ea981234c3b8c4860c14f8ffdb8-97.json 75 G#5,C#6,Bb5
--------------------------------------------
[1] 2019-01-10 10:28:30 Command Paras:e:\unit-exam\staff\15.xml e:\unit-exam\audio\9b1ac63dd2ec4f2eb72bc04fbb057d0d-15.wav MAN e:\unit-exam\data\9b1ac63dd2ec4f2eb72bc04fbb057d0d-15.json 75  
--------------------------------------------
[1] 2019-01-10 10:28:32 Command Paras:e:\unit-exam\staff\81.xml e:\unit-exam\audio\7e723decdb6342d590d4f1f552383fe1-81.wav MAN e:\unit-exam\data\7e723decdb6342d590d4f1f552383fe1-81.json 75  
--------------------------------------------
[1] 2019-01-10 10:28:37 Command Paras:e:\unit-exam\staff\39.xml e:\unit-exam\audio\e0f1df7c2ec14bbd867c3d2e64738f33-39.wav MAN e:\unit-exam\data\e0f1df7c2ec14bbd867c3d2e64738f33-39.json 75  
--------------------------------------------
[1] 2019-01-10 10:28:39 Command Paras:e:\unit-exam\staff\45.xml e:\unit-exam\audio\0db46c6c69d845179347045a62aed9b3-45.wav MAN e:\unit-exam\data\0db46c6c69d845179347045a62aed9b3-45.json 75  
--------------------------------------------
[1] 2019-01-10 10:28:41 Command Paras:e:\unit-exam\staff\144.xml e:\unit-exam\audio\0c054d47461b4e1d89c24f30495a7f1c-144.wav MAN e:\unit-exam\data\0c054d47461b4e1d89c24f30495a7f1c-144.json 80 C#5
--------------------------------------------
[1] 2019-01-10 10:28:43 Command Paras:e:\unit-exam\staff\32.xml e:\unit-exam\audio\38587875a25e4b0f91c505482116b7cd-32.wav MAN e:\unit-exam\data\38587875a25e4b0f91c505482116b7cd-32.json 80  
--------------------------------------------
[1] 2019-01-10 10:28:46 Command Paras:e:\unit-exam\staff\62.xml e:\unit-exam\audio\b1ba34c8d7b84fcab4caebc29a1955c4-62.wav MAN e:\unit-exam\data\b1ba34c8d7b84fcab4caebc29a1955c4-62.json 80  
--------------------------------------------
[1] 2019-01-10 10:28:48 Command Paras:e:\unit-exam\staff\82.xml e:\unit-exam\audio\f897aef2ceb84ac488e59071fecfb223-82.wav MAN e:\unit-exam\data\f897aef2ceb84ac488e59071fecfb223-82.json 80 B5
--------------------------------------------
[1] 2019-01-10 10:28:50 Command Paras:e:\unit-exam\staff\16.xml e:\unit-exam\audio\1ba58710f37249209321edad12ff5a36-16.wav MAN e:\unit-exam\data\1ba58710f37249209321edad12ff5a36-16.json 80 F#5,C#5
--------------------------------------------
[1] 2019-01-10 10:28:53 Command Paras:e:\unit-exam\staff\85.xml e:\unit-exam\audio\997e0b9991414094896d20d18ee9f7c1-85.wav MAN e:\unit-exam\data\997e0b9991414094896d20d18ee9f7c1-85.json 75 C#6,A#5
--------------------------------------------
[1] 2019-01-10 10:28:59 Command Paras:e:\unit-exam\staff\110.xml e:\unit-exam\audio\1edfa458c22f43b392bab68fcbe937c1-110.wav MAN e:\unit-exam\data\1edfa458c22f43b392bab68fcbe937c1-110.json 75 D#5
--------------------------------------------
[1] 2019-01-10 10:29:02 Command Paras:e:\unit-exam\staff\136.xml e:\unit-exam\audio\ea021ca075674a53a09c6ce16351f176-136.wav MAN e:\unit-exam\data\ea021ca075674a53a09c6ce16351f176-136.json 80 B5
--------------------------------------------
[1] 2019-01-10 10:29:13 Command Paras:e:\unit-exam\staff\146.xml e:\unit-exam\audio\c3d0d89fe9e6454fb4a46ce88f499b94-146.wav MAN e:\unit-exam\data\c3d0d89fe9e6454fb4a46ce88f499b94-146.json 80 A#5,D6
--------------------------------------------
[1] 2019-01-10 10:29:16 Command Paras:e:\unit-exam\staff\145.xml e:\unit-exam\audio\73576ab6875643a989fe7593b6f8b446-145.wav MAN e:\unit-exam\data\73576ab6875643a989fe7593b6f8b446-145.json 75 C#5,C#6
--------------------------------------------
[1] 2019-01-10 10:29:18 Command Paras:e:\unit-exam\staff\23.xml e:\unit-exam\audio\03926a1c38384871971d4cee8ac40039-23.wav MAN e:\unit-exam\data\03926a1c38384871971d4cee8ac40039-23.json 80 G#5,C#5
--------------------------------------------
[1] 2019-01-10 10:29:20 Command Paras:e:\unit-exam\staff\29.xml e:\unit-exam\audio\fb4b1ddb5f274bea962c9b3945149ab6-29.wav MAN e:\unit-exam\data\fb4b1ddb5f274bea962c9b3945149ab6-29.json 85 G#5
--------------------------------------------
[1] 2019-01-10 10:29:23 Command Paras:e:\unit-exam\staff\44.xml e:\unit-exam\audio\aa120480af30483eab6b4d166b9563ab-44.wav MAN e:\unit-exam\data\aa120480af30483eab6b4d166b9563ab-44.json 80  
--------------------------------------------
[1] 2019-01-10 10:29:25 Command Paras:e:\unit-exam\staff\11.xml e:\unit-exam\audio\40ca20be0d9e499ab806867ce986214a-11.wav MAN e:\unit-exam\data\40ca20be0d9e499ab806867ce986214a-11.json 80 C#5
--------------------------------------------
[1] 2019-01-10 10:29:27 Command Paras:e:\unit-exam\staff\123.xml e:\unit-exam\audio\ab49837f0e154d4880f422bea48cf48a-123.wav MAN e:\unit-exam\data\ab49837f0e154d4880f422bea48cf48a-123.json 75 D#5
--------------------------------------------
[1] 2019-01-10 10:29:28 Command Paras:e:\unit-exam\staff\127.xml e:\unit-exam\audio\b905ea61ac29493f8af150eff390c8d5-127.wav MAN e:\unit-exam\data\b905ea61ac29493f8af150eff390c8d5-127.json 75 C#6
--------------------------------------------
[1] 2019-01-10 10:29:34 Command Paras:e:\unit-exam\staff\1.xml e:\unit-exam\audio\04a779a2ae4a4858b8181acdeb8422bd-1.wav MAN e:\unit-exam\data\04a779a2ae4a4858b8181acdeb8422bd-1.json 75 Eb6
--------------------------------------------
[1] 2019-01-10 10:29:37 Command Paras:e:\unit-exam\staff\27.xml e:\unit-exam\audio\37c2b999751d4d3986799585e0043f40-27.wav MAN e:\unit-exam\data\37c2b999751d4d3986799585e0043f40-27.json 75  
--------------------------------------------
[1] 2019-01-10 10:29:40 Command Paras:e:\unit-exam\staff\54.xml e:\unit-exam\audio\53b6b7da08d5425f9d6ffc77d047cc44-54.wav MAN e:\unit-exam\data\53b6b7da08d5425f9d6ffc77d047cc44-54.json 80  
--------------------------------------------
[1] 2019-01-10 10:29:42 Command Paras:e:\unit-exam\staff\58.xml e:\unit-exam\audio\e9816d50a33e42fc95897c40bde5dbf3-58.wav MAN e:\unit-exam\data\e9816d50a33e42fc95897c40bde5dbf3-58.json 80 Ab5,G#5
--------------------------------------------
[1] 2019-01-10 10:29:43 Command Paras:e:\unit-exam\staff\76.xml e:\unit-exam\audio\33b670ea6512412c987157c28514e156-76.wav MAN e:\unit-exam\data\33b670ea6512412c987157c28514e156-76.json 80 G#5
--------------------------------------------
[1] 2019-01-10 10:29:47 Command Paras:e:\unit-exam\staff\9.xml e:\unit-exam\audio\91bab2240047445aaad87be075a1e4f8-9.wav MAN e:\unit-exam\data\91bab2240047445aaad87be075a1e4f8-9.json 75  
--------------------------------------------
[1] 2019-01-10 10:29:49 Command Paras:e:\unit-exam\staff\92.xml e:\unit-exam\audio\31af74b53a644fd59b272717998d3aea-92.wav MAN e:\unit-exam\data\31af74b53a644fd59b272717998d3aea-92.json 75 A#5
--------------------------------------------
[1] 2019-01-10 10:29:51 Command Paras:e:\unit-exam\staff\43.xml e:\unit-exam\audio\09d50a8fbe094434a161989867c059e4-43.wav MAN e:\unit-exam\data\09d50a8fbe094434a161989867c059e4-43.json 75 Bb5,C#6
--------------------------------------------
[1] 2019-01-10 10:29:54 Command Paras:e:\unit-exam\staff\132.xml e:\unit-exam\audio\870b3fb77e5c459090158e829df61af4-132.wav MAN e:\unit-exam\data\870b3fb77e5c459090158e829df61af4-132.json 80 C#5
--------------------------------------------
[1] 2019-01-10 10:29:57 Command Paras:e:\unit-exam\staff\120.xml e:\unit-exam\audio\be7ae8728b704153bdb342d1aee45119-120.wav MAN e:\unit-exam\data\be7ae8728b704153bdb342d1aee45119-120.json 80  
--------------------------------------------
[1] 2019-01-10 10:30:02 Command Paras:e:\unit-exam\staff\33.xml e:\unit-exam\audio\e6a4ac7801424b61aa1517bd39954520-33.wav MAN e:\unit-exam\data\e6a4ac7801424b61aa1517bd39954520-33.json 75  
--------------------------------------------
[1] 2019-01-10 10:30:04 Command Paras:e:\unit-exam\staff\116.xml e:\unit-exam\audio\e9c05509b01c41eeaf1520045c684d48-116.wav MAN e:\unit-exam\data\e9c05509b01c41eeaf1520045c684d48-116.json 75 D#5,A#5
--------------------------------------------
[1] 2019-01-10 10:30:08 Command Paras:e:\unit-exam\staff\19.xml e:\unit-exam\audio\596630ca5deb4281a279ad1e168b6246-19.wav MAN e:\unit-exam\data\596630ca5deb4281a279ad1e168b6246-19.json 75  
--------------------------------------------
[1] 2019-01-10 10:30:10 Command Paras:e:\unit-exam\staff\91.xml e:\unit-exam\audio\63184ff7cc5f4b0997552bef7be73b65-91.wav MAN e:\unit-exam\data\63184ff7cc5f4b0997552bef7be73b65-91.json 75  
--------------------------------------------
[1] 2019-01-10 10:30:15 Command Paras:e:\unit-exam\staff\125.xml e:\unit-exam\audio\387630e86f4d4b88a39d82c7010dd07a-125.wav MAN e:\unit-exam\data\387630e86f4d4b88a39d82c7010dd07a-125.json 85  
--------------------------------------------
[1] 2019-01-10 10:30:20 Command Paras:e:\unit-exam\staff\140.xml e:\unit-exam\audio\8a88749a4065460287cc65ed2b7930ba-140.wav MAN e:\unit-exam\data\8a88749a4065460287cc65ed2b7930ba-140.json 75 D#6
--------------------------------------------
[1] 2019-01-10 10:30:22 Command Paras:e:\unit-exam\staff\149.xml e:\unit-exam\audio\a915047ec2c34692ac1faa0c39e90771-149.wav MAN e:\unit-exam\data\a915047ec2c34692ac1faa0c39e90771-149.json 85  
--------------------------------------------
[1] 2019-01-10 10:30:27 Command Paras:e:\unit-exam\staff\20.xml e:\unit-exam\audio\b417c750aa2f4e86a39ff7a3213f96aa-20.wav MAN e:\unit-exam\data\b417c750aa2f4e86a39ff7a3213f96aa-20.json 75 A#5,D#5
--------------------------------------------
[1] 2019-01-10 10:30:29 Command Paras:e:\unit-exam\staff\28.xml e:\unit-exam\audio\442932b6d77e4c5fa11406b6fcde6fbd-28.wav MAN e:\unit-exam\data\442932b6d77e4c5fa11406b6fcde6fbd-28.json 80  
--------------------------------------------
[1] 2019-01-10 10:30:34 Command Paras:e:\unit-exam\staff\36.xml e:\unit-exam\audio\b906ca8df7374c0f82d91d50b1cc006d-36.wav MAN e:\unit-exam\data\b906ca8df7374c0f82d91d50b1cc006d-36.json 80 G#5
--------------------------------------------
[1] 2019-01-10 10:30:36 Command Paras:e:\unit-exam\staff\88.xml e:\unit-exam\audio\8526f0dc4d504cc0a2a93db252c17dd6-88.wav MAN e:\unit-exam\data\8526f0dc4d504cc0a2a93db252c17dd6-88.json 80 B5,Db6
--------------------------------------------
[1] 2019-01-10 10:30:40 Command Paras:e:\unit-exam\staff\75.xml e:\unit-exam\audio\c22d129b561041e5b1f65776d8d10103-75.wav MAN e:\unit-exam\data\c22d129b561041e5b1f65776d8d10103-75.json 75  
--------------------------------------------
[1] 2019-01-10 10:30:42 Command Paras:e:\unit-exam\staff\89.xml e:\unit-exam\audio\b95eb3c80d7b49678257addf6921bcea-89.wav MAN e:\unit-exam\data\b95eb3c80d7b49678257addf6921bcea-89.json 85 C#5,G#5
--------------------------------------------
[1] 2019-01-10 10:30:47 Command Paras:e:\unit-exam\staff\100.xml e:\unit-exam\audio\a9786eee610e4957b9ea667d29f7d98b-100.wav MAN e:\unit-exam\data\a9786eee610e4957b9ea667d29f7d98b-100.json 80 B5
--------------------------------------------
[1] 2019-01-10 10:30:50 Command Paras:e:\unit-exam\staff\121.xml e:\unit-exam\audio\e26470d2e114432dad3a8e400d7173b7-121.wav MAN e:\unit-exam\data\e26470d2e114432dad3a8e400d7173b7-121.json 75 A#4,D#5,Eb5,D#6,Bb5
--------------------------------------------
[1] 2019-01-10 10:30:53 Command Paras:e:\unit-exam\staff\2.xml e:\unit-exam\audio\66d6a469946f4f5d9e1bab96769c70e7-2.wav MAN e:\unit-exam\data\66d6a469946f4f5d9e1bab96769c70e7-2.json 75 D#5,A#5
--------------------------------------------
[1] 2019-01-10 10:30:56 Command Paras:e:\unit-exam\staff\95.xml e:\unit-exam\audio\6bf0609de3be4f998bb805f69c27f674-95.wav MAN e:\unit-exam\data\6bf0609de3be4f998bb805f69c27f674-95.json 85 C6,G#5
--------------------------------------------
[1] 2019-01-10 10:31:00 Command Paras:e:\unit-exam\staff\98.xml e:\unit-exam\audio\97712ebd9c98488e8d467a9064946d93-98.wav MAN e:\unit-exam\data\97712ebd9c98488e8d467a9064946d93-98.json 80 D6,E#5,G#5
--------------------------------------------
[1] 2019-01-10 10:31:04 Command Paras:e:\unit-exam\staff\96.xml e:\unit-exam\audio\732ce9a0dba14e9b9317994ea1d1fec3-96.wav MAN e:\unit-exam\data\732ce9a0dba14e9b9317994ea1d1fec3-96.json 80 C#5
--------------------------------------------
[1] 2019-01-10 10:31:06 Command Paras:e:\unit-exam\staff\26.xml e:\unit-exam\audio\d4272e3b5c024992ac1b5bcea212c9d2-26.wav MAN e:\unit-exam\data\d4272e3b5c024992ac1b5bcea212c9d2-26.json 75 D#5
--------------------------------------------
[1] 2019-01-10 10:31:08 Command Paras:e:\unit-exam\staff\113.xml e:\unit-exam\audio\9996a9e88f894c2da8b6b9fc7f1c5a8b-113.wav MAN e:\unit-exam\data\9996a9e88f894c2da8b6b9fc7f1c5a8b-113.json 85  
--------------------------------------------
[1] 2019-01-10 10:31:10 Command Paras:e:\unit-exam\staff\130.xml e:\unit-exam\audio\71dba7b683a34d9ea95dc0070dc61338-130.wav MAN e:\unit-exam\data\71dba7b683a34d9ea95dc0070dc61338-130.json 80 B5,Gb5
--------------------------------------------
[1] 2019-01-10 10:31:14 Command Paras:e:\unit-exam\staff\67.xml e:\unit-exam\audio\05267464f0cc4669a61a52c9efe984e7-67.wav MAN e:\unit-exam\data\05267464f0cc4669a61a52c9efe984e7-67.json 75 C#5,C#6
--------------------------------------------
[1] 2019-01-10 10:31:19 Command Paras:e:\unit-exam\staff\101.xml e:\unit-exam\audio\7dd8c3d0fa384b1aad8a52b06ec78b95-101.wav MAN e:\unit-exam\data\7dd8c3d0fa384b1aad8a52b06ec78b95-101.json 85 G#5,F#4
--------------------------------------------
[1] 2019-01-10 10:31:21 Command Paras:e:\unit-exam\staff\106.xml e:\unit-exam\audio\3b1965b280414d3ca05b251b56354604-106.wav MAN e:\unit-exam\data\3b1965b280414d3ca05b251b56354604-106.json 80 C#5
--------------------------------------------
[1] 2019-01-10 10:31:28 Command Paras:e:\unit-exam\staff\128.xml e:\unit-exam\audio\51ef0ac5514d494db91ab0e40d9208bc-128.wav MAN e:\unit-exam\data\51ef0ac5514d494db91ab0e40d9208bc-128.json 80 A#5,G#5
--------------------------------------------
[1] 2019-01-10 10:31:29 Command Paras:e:\unit-exam\staff\25.xml e:\unit-exam\audio\3249f16a31224bfda8e95f585e09a1bd-25.wav MAN e:\unit-exam\data\3249f16a31224bfda8e95f585e09a1bd-25.json 75 G#5,A#5
--------------------------------------------
[1] 2019-01-10 10:31:32 Command Paras:e:\unit-exam\staff\30.xml e:\unit-exam\audio\3875764cb1a94ed38c3b420c57cffb74-30.wav MAN e:\unit-exam\data\3875764cb1a94ed38c3b420c57cffb74-30.json 80  
--------------------------------------------
[1] 2019-01-10 10:31:35 Command Paras:e:\unit-exam\staff\38.xml e:\unit-exam\audio\3c4ed8ec67ba42b39215d352df9ee4be-38.wav MAN e:\unit-exam\data\3c4ed8ec67ba42b39215d352df9ee4be-38.json 75 D#5,G#5
--------------------------------------------
[1] 2019-01-10 10:31:37 Command Paras:e:\unit-exam\staff\8.xml e:\unit-exam\audio\6432ee3862fa434e96474431948a7389-8.wav MAN e:\unit-exam\data\6432ee3862fa434e96474431948a7389-8.json 75 D#5,A#4,A#5
--------------------------------------------
[1] 2019-01-10 10:31:40 Command Paras:e:\unit-exam\staff\79.xml e:\unit-exam\audio\ceae595bdda5438e948cb9380fba5562-79.wav MAN e:\unit-exam\data\ceae595bdda5438e948cb9380fba5562-79.json 75 E#5,G#5,C#6
--------------------------------------------
[1] 2019-01-10 10:31:42 Command Paras:e:\unit-exam\staff\86.xml e:\unit-exam\audio\333afc7518344a13b0db82bb40609162-86.wav MAN e:\unit-exam\data\333afc7518344a13b0db82bb40609162-86.json 75 D#5
--------------------------------------------
[1] 2019-01-10 10:31:44 Command Paras:e:\unit-exam\staff\13.xml e:\unit-exam\audio\3cb1e1109cd74abb8fd743a0f56a2130-13.wav MAN e:\unit-exam\data\3cb1e1109cd74abb8fd743a0f56a2130-13.json 75 C#6,Eb6,F5,D#5
--------------------------------------------
[1] 2019-01-10 10:31:49 Command Paras:e:\unit-exam\staff\41.xml e:\unit-exam\audio\bc19c713593d49c9a75cbd17d764e56a-41.wav MAN e:\unit-exam\data\bc19c713593d49c9a75cbd17d764e56a-41.json 85  
--------------------------------------------
[1] 2019-01-10 10:31:52 Command Paras:e:\unit-exam\staff\56.xml e:\unit-exam\audio\50295c29eb0543368baf78ca9137bda3-56.wav MAN e:\unit-exam\data\50295c29eb0543368baf78ca9137bda3-56.json 80 A#5
--------------------------------------------
[1] 2019-01-10 10:31:54 Command Paras:e:\unit-exam\staff\18.xml e:\unit-exam\audio\9fd1ac2fb82c4be5bb4d4509c192eaca-18.wav MAN e:\unit-exam\data\9fd1ac2fb82c4be5bb4d4509c192eaca-18.json 80 C#5
--------------------------------------------
[1] 2019-01-10 10:31:56 Command Paras:e:\unit-exam\staff\21.xml e:\unit-exam\audio\8aaabd7c5f3a4484ab0f901264bbba16-21.wav MAN e:\unit-exam\data\8aaabd7c5f3a4484ab0f901264bbba16-21.json 75  
--------------------------------------------
[1] 2019-01-10 10:31:58 Command Paras:e:\unit-exam\staff\107.xml e:\unit-exam\audio\2eb3a500da55490ea0df9518dac9135d-107.wav MAN e:\unit-exam\data\2eb3a500da55490ea0df9518dac9135d-107.json 85 G#5,F#5
--------------------------------------------
[1] 2019-01-10 10:32:03 Command Paras:e:\unit-exam\staff\73.xml e:\unit-exam\audio\f648e3bd69d448e2a47105ccd678849e-73.wav MAN e:\unit-exam\data\f648e3bd69d448e2a47105ccd678849e-73.json 75 C#5
--------------------------------------------
[1] 2019-01-10 10:32:09 Command Paras:e:\unit-exam\staff\61.xml e:\unit-exam\audio\a9b1d28761b1454d847172e3a44f40f3-61.wav MAN e:\unit-exam\data\a9b1d28761b1454d847172e3a44f40f3-61.json 75  
--------------------------------------------
[1] 2019-01-10 10:32:11 Command Paras:e:\unit-exam\staff\80.xml e:\unit-exam\audio\e718067d34454ca19eb5ac454d69b62d-80.wav MAN e:\unit-exam\data\e718067d34454ca19eb5ac454d69b62d-80.json 75 G#5
--------------------------------------------
[1] 2019-01-10 10:32:12 Command Paras:e:\unit-exam\staff\139.xml e:\unit-exam\audio\1a1af80db97c47bfb10561f05b6b094f-139.wav MAN e:\unit-exam\data\1a1af80db97c47bfb10561f05b6b094f-139.json 75  
--------------------------------------------
[1] 2019-01-10 10:32:14 Command Paras:e:\unit-exam\staff\138.xml e:\unit-exam\audio\791a18f28e084367b4f48a95d367c1b1-138.wav MAN e:\unit-exam\data\791a18f28e084367b4f48a95d367c1b1-138.json 80 F#5
--------------------------------------------
[1] 2019-01-10 10:32:18 Command Paras:e:\unit-exam\staff\46.xml e:\unit-exam\audio\fcd1dcbdc3ab4612ba0f93ef3308d1d1-46.wav MAN e:\unit-exam\data\fcd1dcbdc3ab4612ba0f93ef3308d1d1-46.json 80 G#5,B5
--------------------------------------------
[1] 2019-01-10 10:32:20 Command Paras:e:\unit-exam\staff\133.xml e:\unit-exam\audio\1444ac1d6989439eb23ca59b7b4bbb9d-133.wav MAN e:\unit-exam\data\1444ac1d6989439eb23ca59b7b4bbb9d-133.json 75 D#5
--------------------------------------------
[1] 2019-01-10 10:32:23 Command Paras:e:\unit-exam\staff\74.xml e:\unit-exam\audio\b143a160261048faa42dcf827be8ec53-74.wav MAN e:\unit-exam\data\b143a160261048faa42dcf827be8ec53-74.json 80 D6
--------------------------------------------
[1] 2019-01-10 10:32:28 Command Paras:e:\unit-exam\staff\3.xml e:\unit-exam\audio\0747c3dea9b94820a986be0ca597dd9e-3.wav MAN e:\unit-exam\data\0747c3dea9b94820a986be0ca597dd9e-3.json 75  
--------------------------------------------
[1] 2019-01-10 10:32:32 Command Paras:e:\unit-exam\staff\71.xml e:\unit-exam\audio\bd116547856840c18fc231a0eb35fad4-71.wav MAN e:\unit-exam\data\bd116547856840c18fc231a0eb35fad4-71.json 85  
--------------------------------------------
[1] 2019-01-10 10:32:33 Command Paras:e:\unit-exam\staff\131.xml e:\unit-exam\audio\49ae667264ab4d59b96f4001147eb89c-131.wav MAN e:\unit-exam\data\49ae667264ab4d59b96f4001147eb89c-131.json 80 C#5,F#5,G#5
--------------------------------------------
[1] 2019-01-10 10:32:35 Command Paras:e:\unit-exam\staff\47.xml e:\unit-exam\audio\6de8f4fa468642e2a98170e64ee30303-47.wav MAN e:\unit-exam\data\6de8f4fa468642e2a98170e64ee30303-47.json 85  
--------------------------------------------
[1] 2019-01-10 10:32:37 Command Paras:e:\unit-exam\staff\65.xml e:\unit-exam\audio\2773cfb40f4b49bbb0d621375bdd5474-65.wav MAN e:\unit-exam\data\2773cfb40f4b49bbb0d621375bdd5474-65.json 85  
--------------------------------------------
[1] 2019-01-10 10:32:42 Command Paras:e:\unit-exam\staff\37.xml e:\unit-exam\audio\9a602a24b5e543d19f10ed2f873d18e9-37.wav MAN e:\unit-exam\data\9a602a24b5e543d19f10ed2f873d18e9-37.json 75 C#6,Eb6,D#6
--------------------------------------------
[1] 2019-01-10 10:32:48 Command Paras:e:\unit-exam\staff\53.xml e:\unit-exam\audio\e37b3b4036a442589ced662bfe8b1564-53.wav MAN e:\unit-exam\data\e37b3b4036a442589ced662bfe8b1564-53.json 80 C#5
--------------------------------------------
[1] 2019-01-10 10:32:51 Command Paras:e:\unit-exam\staff\52.xml e:\unit-exam\audio\b38a53a474e247288d0975a7b87ab7fa-52.wav MAN e:\unit-exam\data\b38a53a474e247288d0975a7b87ab7fa-52.json 80 B4
--------------------------------------------
[1] 2019-01-10 10:32:56 Command Paras:e:\unit-exam\staff\70.xml e:\unit-exam\audio\f0449b42f0eb4909885322583be00194-70.wav MAN e:\unit-exam\data\f0449b42f0eb4909885322583be00194-70.json 80 B5,C#5
--------------------------------------------
[1] 2019-01-10 10:32:57 Command Paras:e:\unit-exam\staff\106.xml e:\unit-exam\audio\b9f7301fbd1a4195af883273150fec77-106.wav MAN e:\unit-exam\data\b9f7301fbd1a4195af883273150fec77-106.json 80 C#5
--------------------------------------------
[1] 2019-01-10 10:32:59 Command Paras:e:\unit-exam\staff\7.xml e:\unit-exam\audio\1e7b8117dd5940478a75c1da752bdffe-7.wav MAN e:\unit-exam\data\1e7b8117dd5940478a75c1da752bdffe-7.json 75 C#5,D#5,F5
--------------------------------------------
[1] 2019-01-10 10:33:11 Command Paras:e:\unit-exam\staff\90.xml e:\unit-exam\audio\6993d24fbe40445f82834fe24217dd30-90.wav MAN e:\unit-exam\data\6993d24fbe40445f82834fe24217dd30-90.json 80  
--------------------------------------------
[1] 2019-01-10 10:33:14 Command Paras:e:\unit-exam\staff\83.xml e:\unit-exam\audio\bb25f39af1ae46368f78abc855499b8d-83.wav MAN e:\unit-exam\data\bb25f39af1ae46368f78abc855499b8d-83.json 85 G#5
--------------------------------------------
[1] 2019-01-10 10:33:17 Command Paras:e:\unit-exam\staff\6.xml e:\unit-exam\audio\76194cfad2714b2e947689ec0ee2c07e-6.wav MAN e:\unit-exam\data\76194cfad2714b2e947689ec0ee2c07e-6.json 80  
--------------------------------------------
[1] 2019-01-10 10:33:18 Command Paras:e:\unit-exam\staff\87.xml e:\unit-exam\audio\a0dafb26e4fc44a3b44671f16ab8894d-87.wav MAN e:\unit-exam\data\a0dafb26e4fc44a3b44671f16ab8894d-87.json 75  
--------------------------------------------
[1] 2019-01-10 10:33:20 Command Paras:e:\unit-exam\staff\122.xml e:\unit-exam\audio\9992dafee6fe48b6a3946466179e5302-122.wav MAN e:\unit-exam\data\9992dafee6fe48b6a3946466179e5302-122.json 80 D5,A#6
--------------------------------------------
[1] 2019-01-10 10:33:25 Command Paras:e:\unit-exam\staff\12.xml e:\unit-exam\audio\61377bd84b0a42a2857786ee305a071a-12.wav MAN e:\unit-exam\data\61377bd84b0a42a2857786ee305a071a-12.json 80  
--------------------------------------------
[1] 2019-01-10 10:33:28 Command Paras:e:\unit-exam\staff\35.xml e:\unit-exam\audio\1027caa4efcc4456a383a2e0e8e3caa4-35.wav MAN e:\unit-exam\data\1027caa4efcc4456a383a2e0e8e3caa4-35.json 80 C#5,C#6
--------------------------------------------
[1] 2019-01-10 10:33:31 Command Paras:e:\unit-exam\staff\17.xml e:\unit-exam\audio\94e5505a49c747d0bfed57360cbf0448-17.wav MAN e:\unit-exam\data\94e5505a49c747d0bfed57360cbf0448-17.json 80 C#5,C#6
--------------------------------------------
[1] 2019-01-10 10:33:38 Command Paras:e:\unit-exam\staff\97.xml e:\unit-exam\audio\0b2e7c861a1f46b8b80253c66931c83d-97.wav MAN e:\unit-exam\data\0b2e7c861a1f46b8b80253c66931c83d-97.json 75 G#5,C#6,Bb5
--------------------------------------------
[1] 2019-01-10 10:33:40 Command Paras:e:\unit-exam\staff\81.xml e:\unit-exam\audio\609f961f4be84b8598201768326f7606-81.wav MAN e:\unit-exam\data\609f961f4be84b8598201768326f7606-81.json 75  
--------------------------------------------
[1] 2019-01-10 10:33:42 Command Paras:e:\unit-exam\staff\39.xml e:\unit-exam\audio\e8e630e980bc4393aad360faa34a477c-39.wav MAN e:\unit-exam\data\e8e630e980bc4393aad360faa34a477c-39.json 75  
--------------------------------------------
[1] 2019-01-10 10:33:46 Command Paras:e:\unit-exam\staff\144.xml e:\unit-exam\audio\0b73cad7429a4be19ca1e444fe7d5cff-144.wav MAN e:\unit-exam\data\0b73cad7429a4be19ca1e444fe7d5cff-144.json 80 C#5
--------------------------------------------
[1] 2019-01-10 10:33:48 Command Paras:e:\unit-exam\staff\44.xml e:\unit-exam\audio\8a5aaf829b944a3b943f640499f73560-44.wav MAN e:\unit-exam\data\8a5aaf829b944a3b943f640499f73560-44.json 80  
--------------------------------------------
[1] 2019-01-10 10:33:49 Command Paras:e:\unit-exam\staff\123.xml e:\unit-exam\audio\5558e98f7d724f6f9554383454ef02c2-123.wav MAN e:\unit-exam\data\5558e98f7d724f6f9554383454ef02c2-123.json 75 D#5
--------------------------------------------
[1] 2019-01-10 10:33:51 Command Paras:e:\unit-exam\staff\27.xml e:\unit-exam\audio\2899b6ad122f4d8587a300c2ebc99d39-27.wav MAN e:\unit-exam\data\2899b6ad122f4d8587a300c2ebc99d39-27.json 75  
--------------------------------------------
[1] 2019-01-10 10:33:53 Command Paras:e:\unit-exam\staff\120.xml e:\unit-exam\audio\dda81a39bdf2469a91cc22a9462423ff-120.wav MAN e:\unit-exam\data\dda81a39bdf2469a91cc22a9462423ff-120.json 80  
--------------------------------------------
[1] 2019-01-10 10:33:57 Command Paras:e:\unit-exam\staff\128.xml e:\unit-exam\audio\9976ebc5651f41b499b8c8838de6cc03-128.wav MAN e:\unit-exam\data\9976ebc5651f41b499b8c8838de6cc03-128.json 80 A#5,G#5
--------------------------------------------
[1] 2019-01-10 10:33:58 Command Paras:e:\unit-exam\staff\47.xml e:\unit-exam\audio\c641fe7031f24a31a5f99f6aeff657a3-47.wav MAN e:\unit-exam\data\c641fe7031f24a31a5f99f6aeff657a3-47.json 85  
--------------------------------------------
[1] 2019-01-10 02:08:16 Command Paras:e:\unit-exam\staff\14.xml e:\unit-exam\audio\243f16270d094d67b7c45cb5a159732c-14.wav MAN e:\unit-exam\data\243f16270d094d67b7c45cb5a159732c-14.json 75 D#5
--------------------------------------------
[1] 2019-01-10 02:08:21 Command Paras:e:\unit-exam\staff\97.xml e:\unit-exam\audio\acead922ff9b4377b01620269e8adae2-97.wav MAN e:\unit-exam\data\acead922ff9b4377b01620269e8adae2-97.json 75 G#5,C#6,Bb5
--------------------------------------------
[1] 2019-01-10 02:08:26 Command Paras:e:\unit-exam\staff\114.xml e:\unit-exam\audio\fb24a961e1de487b887aab281ae7c9fa-114.wav MAN e:\unit-exam\data\fb24a961e1de487b887aab281ae7c9fa-114.json 80 F#5,C#5
--------------------------------------------
[1] 2019-01-10 02:08:49 Command Paras:e:\unit-exam\staff\137.xml e:\unit-exam\audio\082232d2745d4c13b148adcc10c9478c-137.wav MAN e:\unit-exam\data\082232d2745d4c13b148adcc10c9478c-137.json 85  
--------------------------------------------
[1] 2019-01-10 02:08:52 Command Paras:e:\unit-exam\staff\60.xml e:\unit-exam\audio\abec1ad32cc64ea492b6bb294ac43483-60.wav MAN e:\unit-exam\data\abec1ad32cc64ea492b6bb294ac43483-60.json 80  
--------------------------------------------
[1] 2019-01-10 02:08:54 Command Paras:e:\unit-exam\staff\69.xml e:\unit-exam\audio\257802354a7e406b88e5648aded4e55b-69.wav MAN e:\unit-exam\data\257802354a7e406b88e5648aded4e55b-69.json 75  
--------------------------------------------
[1] 2019-01-10 02:08:55 Command Paras:e:\unit-exam\staff\99.xml e:\unit-exam\audio\f4f69a8a997547e4a9c62800c7dcc75a-99.wav MAN e:\unit-exam\data\f4f69a8a997547e4a9c62800c7dcc75a-99.json 75  
--------------------------------------------
[1] 2019-01-10 02:08:57 Command Paras:e:\unit-exam\staff\126.xml e:\unit-exam\audio\8f4ab60251724e478bae1ee8d41ff4ea-126.wav MAN e:\unit-exam\data\8f4ab60251724e478bae1ee8d41ff4ea-126.json 80  
--------------------------------------------
[1] 2019-01-10 02:09:00 Command Paras:e:\unit-exam\staff\102.xml e:\unit-exam\audio\2a72723caeae423da390b256169a36f2-102.wav MAN e:\unit-exam\data\2a72723caeae423da390b256169a36f2-102.json 80  
--------------------------------------------
[1] 2019-01-10 02:09:02 Command Paras:e:\unit-exam\staff\134.xml e:\unit-exam\audio\25e2d991e17b4330847530259601b065-134.wav MAN e:\unit-exam\data\25e2d991e17b4330847530259601b065-134.json 75 A#5,D#5
--------------------------------------------
[1] 2019-01-10 02:09:08 Command Paras:e:\unit-exam\staff\55.xml e:\unit-exam\audio\6bba2a6d32b44b2594c7a7c4838544fd-55.wav MAN e:\unit-exam\data\6bba2a6d32b44b2594c7a7c4838544fd-55.json 75 G#5
--------------------------------------------
[1] 2019-01-10 02:09:10 Command Paras:e:\unit-exam\staff\70.xml e:\unit-exam\audio\8cd60d61fcbb4f59bcedc304f01e183e-70.wav MAN e:\unit-exam\data\8cd60d61fcbb4f59bcedc304f01e183e-70.json 80 B5,C#5
--------------------------------------------
[1] 2019-01-10 02:09:13 Command Paras:e:\unit-exam\staff\14.xml e:\unit-exam\audio\eada595bfd4c48f7b621bd4e9d7524d5-14.wav MAN e:\unit-exam\data\eada595bfd4c48f7b621bd4e9d7524d5-14.json 75 D#5
--------------------------------------------
[1] 2019-01-10 02:09:19 Command Paras:e:\unit-exam\staff\50.xml e:\unit-exam\audio\7c90efc3d9a447e88d6a61392894087e-50.wav MAN e:\unit-exam\data\7c90efc3d9a447e88d6a61392894087e-50.json 75 D#5,D#6
--------------------------------------------
[1] 2019-01-10 02:09:23 Command Paras:e:\unit-exam\staff\90.xml e:\unit-exam\audio\3c506c88841242618cf17f75d0173e74-90.wav MAN e:\unit-exam\data\3c506c88841242618cf17f75d0173e74-90.json 80  
--------------------------------------------
[1] 2019-01-10 02:09:24 Command Paras:e:\unit-exam\staff\108.xml e:\unit-exam\audio\73524fb6da50442794bb91d9b86d04aa-108.wav MAN e:\unit-exam\data\73524fb6da50442794bb91d9b86d04aa-108.json 80 C#5
--------------------------------------------
[1] 2019-01-10 02:09:27 Command Paras:e:\unit-exam\staff\59.xml e:\unit-exam\audio\415ab78877594e279ceffdd7532c38fb-59.wav MAN e:\unit-exam\data\415ab78877594e279ceffdd7532c38fb-59.json 85  
--------------------------------------------
[1] 2019-01-10 02:09:30 Command Paras:e:\unit-exam\staff\118.xml e:\unit-exam\audio\176a1e8046b94a9b89811a859ade4dea-118.wav MAN e:\unit-exam\data\176a1e8046b94a9b89811a859ade4dea-118.json 80 G#5,B5
--------------------------------------------
[1] 2019-01-10 02:09:32 Command Paras:e:\unit-exam\staff\7.xml e:\unit-exam\audio\589e50ee83414213b7ed55b75d0697d9-7.wav MAN e:\unit-exam\data\589e50ee83414213b7ed55b75d0697d9-7.json 75 C#5,D#5,F5
--------------------------------------------
[1] 2019-01-10 02:09:35 Command Paras:e:\unit-exam\staff\40.xml e:\unit-exam\audio\a4c11a4fec3c48bbacdcd8cd1d3e27e6-40.wav MAN e:\unit-exam\data\a4c11a4fec3c48bbacdcd8cd1d3e27e6-40.json 80  
--------------------------------------------
[1] 2019-01-10 02:09:40 Command Paras:e:\unit-exam\staff\72.xml e:\unit-exam\audio\196320c549664760a97adf6b7a99c40f-72.wav MAN e:\unit-exam\data\196320c549664760a97adf6b7a99c40f-72.json 80  
--------------------------------------------
[1] 2019-01-10 02:09:41 Command Paras:e:\unit-exam\staff\83.xml e:\unit-exam\audio\8a5bce3c51b448adaa34bba341b7164d-83.wav MAN e:\unit-exam\data\8a5bce3c51b448adaa34bba341b7164d-83.json 85 G#5
--------------------------------------------
[1] 2019-01-10 02:09:44 Command Paras:e:\unit-exam\staff\142.xml e:\unit-exam\audio\a48c5a97f925415c9ff41ea19a5d0f19-142.wav MAN e:\unit-exam\data\a48c5a97f925415c9ff41ea19a5d0f19-142.json 80 B5
--------------------------------------------
[1] 2019-01-10 02:09:48 Command Paras:e:\unit-exam\staff\147.xml e:\unit-exam\audio\4994bb23cb374a9886898e9b91593364-147.wav MAN e:\unit-exam\data\4994bb23cb374a9886898e9b91593364-147.json 75  
--------------------------------------------
[1] 2019-01-10 02:09:50 Command Paras:e:\unit-exam\staff\105.xml e:\unit-exam\audio\6f4de1a8f98447d1b37147c29bc2b3a6-105.wav MAN e:\unit-exam\data\6f4de1a8f98447d1b37147c29bc2b3a6-105.json 75 D#5,G#5,C#5
--------------------------------------------
[1] 2019-01-10 02:09:52 Command Paras:e:\unit-exam\staff\112.xml e:\unit-exam\audio\5e57c34921c64da688a54f0216db9e0c-112.wav MAN e:\unit-exam\data\5e57c34921c64da688a54f0216db9e0c-112.json 80 Db5
--------------------------------------------
[1] 2019-01-10 02:09:54 Command Paras:e:\unit-exam\staff\115.xml e:\unit-exam\audio\bedce55e658d4662a6bd77ee35d75708-115.wav MAN e:\unit-exam\data\bedce55e658d4662a6bd77ee35d75708-115.json 75 G#5,Eb6
--------------------------------------------
[1] 2019-01-10 02:09:59 Command Paras:e:\unit-exam\staff\5.xml e:\unit-exam\audio\792524ad128a45d88d8d1b4eb1840708-5.wav MAN e:\unit-exam\data\792524ad128a45d88d8d1b4eb1840708-5.json 80 C#5
--------------------------------------------
[1] 2019-01-10 02:10:02 Command Paras:e:\unit-exam\staff\6.xml e:\unit-exam\audio\9dd50362daf240b3a17e83437783651b-6.wav MAN e:\unit-exam\data\9dd50362daf240b3a17e83437783651b-6.json 80  
--------------------------------------------
[1] 2019-01-10 02:10:06 Command Paras:e:\unit-exam\staff\119.xml e:\unit-exam\audio\66caa97f8d7746818d096970958cbca7-119.wav MAN e:\unit-exam\data\66caa97f8d7746818d096970958cbca7-119.json 85 D#6
--------------------------------------------
[1] 2019-01-10 02:10:08 Command Paras:e:\unit-exam\staff\57.xml e:\unit-exam\audio\9d38d2f440954fcd96022acaa58921b8-57.wav MAN e:\unit-exam\data\9d38d2f440954fcd96022acaa58921b8-57.json 75  
--------------------------------------------
[1] 2019-01-10 02:10:13 Command Paras:e:\unit-exam\staff\10.xml e:\unit-exam\audio\9ee6f219fa074e64b9d37131d1286558-10.wav MAN e:\unit-exam\data\9ee6f219fa074e64b9d37131d1286558-10.json 80 B5
--------------------------------------------
[1] 2019-01-10 02:10:15 Command Paras:e:\unit-exam\staff\148.xml e:\unit-exam\audio\b325d8d293b44ff78688d2715b69b6db-148.wav MAN e:\unit-exam\data\b325d8d293b44ff78688d2715b69b6db-148.json 80 Db6,B5
--------------------------------------------
[1] 2019-01-10 02:10:18 Command Paras:e:\unit-exam\staff\42.xml e:\unit-exam\audio\f737abd048204f348c703a1a216b48c6-42.wav MAN e:\unit-exam\data\f737abd048204f348c703a1a216b48c6-42.json 80  
--------------------------------------------
[1] 2019-01-10 02:10:19 Command Paras:e:\unit-exam\staff\52.xml e:\unit-exam\audio\b5f52af3adc8430191dd4f4a078bb8f3-52.wav MAN e:\unit-exam\data\b5f52af3adc8430191dd4f4a078bb8f3-52.json 80 B4
--------------------------------------------
[1] 2019-01-10 02:10:22 Command Paras:e:\unit-exam\staff\87.xml e:\unit-exam\audio\22b4955b74e245f2aaa3e9e6dfe59b5f-87.wav MAN e:\unit-exam\data\22b4955b74e245f2aaa3e9e6dfe59b5f-87.json 75  
--------------------------------------------
[1] 2019-01-10 02:10:24 Command Paras:e:\unit-exam\staff\84.xml e:\unit-exam\audio\ea23490f9d094d188deaeff39afaa09f-84.wav MAN e:\unit-exam\data\ea23490f9d094d188deaeff39afaa09f-84.json 80  
--------------------------------------------
[1] 2019-01-10 02:10:27 Command Paras:e:\unit-exam\staff\122.xml e:\unit-exam\audio\a7be8f44530e4f13ab251ddc8149b006-122.wav MAN e:\unit-exam\data\a7be8f44530e4f13ab251ddc8149b006-122.json 80 D5,A#6
--------------------------------------------
[1] 2019-01-10 02:10:29 Command Paras:e:\unit-exam\staff\117.xml e:\unit-exam\audio\a81e30d79a414496afe44c8d22e5df13-117.wav MAN e:\unit-exam\data\a81e30d79a414496afe44c8d22e5df13-117.json 80  
--------------------------------------------
[1] 2019-01-10 02:10:31 Command Paras:e:\unit-exam\staff\49.xml e:\unit-exam\audio\266c4d52732842398fbb32418ebade63-49.wav MAN e:\unit-exam\data\266c4d52732842398fbb32418ebade63-49.json 75  
--------------------------------------------
[1] 2019-01-10 02:10:32 Command Paras:e:\unit-exam\staff\63.xml e:\unit-exam\audio\8d9c6fa4a7f94e37bb9967ddadfa3c97-63.wav MAN e:\unit-exam\data\8d9c6fa4a7f94e37bb9967ddadfa3c97-63.json 75 G#5
--------------------------------------------
[1] 2019-01-10 02:10:34 Command Paras:e:\unit-exam\staff\66.xml e:\unit-exam\audio\b7651d6c68354d42964c5b015ce9f495-66.wav MAN e:\unit-exam\data\b7651d6c68354d42964c5b015ce9f495-66.json 80  
--------------------------------------------
[1] 2019-01-10 02:10:36 Command Paras:e:\unit-exam\staff\93.xml e:\unit-exam\audio\37035354c7e644eb84b062d7dcfd485c-93.wav MAN e:\unit-exam\data\37035354c7e644eb84b062d7dcfd485c-93.json 80 G#5
--------------------------------------------
[1] 2019-01-10 02:10:40 Command Paras:e:\unit-exam\staff\94.xml e:\unit-exam\audio\56baa3a22f97440c9e13144a8562d27f-94.wav MAN e:\unit-exam\data\56baa3a22f97440c9e13144a8562d27f-94.json 80  
--------------------------------------------
[1] 2019-01-10 02:10:43 Command Paras:e:\unit-exam\staff\12.xml e:\unit-exam\audio\04e13ee09a1f4ef2942de89d7d2593bc-12.wav MAN e:\unit-exam\data\04e13ee09a1f4ef2942de89d7d2593bc-12.json 80  
--------------------------------------------
[1] 2019-01-10 02:10:53 Command Paras:e:\unit-exam\staff\68.xml e:\unit-exam\audio\6d44f0fe6baf450b999eb46248f6f511-68.wav MAN e:\unit-exam\data\6d44f0fe6baf450b999eb46248f6f511-68.json 75 D#5,A#5,G#5
--------------------------------------------
[1] 2019-01-10 02:10:56 Command Paras:e:\unit-exam\staff\22.xml e:\unit-exam\audio\1bae4ad250734adab1720fc766fc7e78-22.wav MAN e:\unit-exam\data\1bae4ad250734adab1720fc766fc7e78-22.json 80 B5
--------------------------------------------
[1] 2019-01-10 02:10:57 Command Paras:e:\unit-exam\staff\78.xml e:\unit-exam\audio\0d222a73c2454c6eb3822ce1799dcc40-78.wav MAN e:\unit-exam\data\0d222a73c2454c6eb3822ce1799dcc40-78.json 80  
--------------------------------------------
[1] 2019-01-10 02:10:59 Command Paras:e:\unit-exam\staff\34.xml e:\unit-exam\audio\eff44e9c10d744a493f399271a776725-34.wav MAN e:\unit-exam\data\eff44e9c10d744a493f399271a776725-34.json 80 F#5,G#5,B4,B5
--------------------------------------------
[1] 2019-01-10 02:11:01 Command Paras:e:\unit-exam\staff\103.xml e:\unit-exam\audio\0afe9ae8a5f448bd8057ff6e2fe1e20c-103.wav MAN e:\unit-exam\data\0afe9ae8a5f448bd8057ff6e2fe1e20c-103.json 75 Eb5,A#4,D#5,C#6,Ab5
--------------------------------------------
[1] 2019-01-10 02:11:06 Command Paras:e:\unit-exam\staff\111.xml e:\unit-exam\audio\97fe96ebbc904f6c9924aabc0d8256b5-111.wav MAN e:\unit-exam\data\97fe96ebbc904f6c9924aabc0d8256b5-111.json 75  
--------------------------------------------
[1] 2019-01-10 02:11:08 Command Paras:e:\unit-exam\staff\109.xml e:\unit-exam\audio\6cf58f15364945099813ab05965a6e14-109.wav MAN e:\unit-exam\data\6cf58f15364945099813ab05965a6e14-109.json 75 A#5,G#5
--------------------------------------------
[1] 2019-01-10 02:11:13 Command Paras:e:\unit-exam\staff\135.xml e:\unit-exam\audio\35c0e1b927a3445b985920af34edfb96-135.wav MAN e:\unit-exam\data\35c0e1b927a3445b985920af34edfb96-135.json 75  
--------------------------------------------
[1] 2019-01-10 02:11:17 Command Paras:e:\unit-exam\staff\150.xml e:\unit-exam\audio\7670f862ccd84c7d931129b453c2e9cd-150.wav MAN e:\unit-exam\data\7670f862ccd84c7d931129b453c2e9cd-150.json 80 C#5,C#6,F#5
--------------------------------------------
[1] 2019-01-10 02:11:18 Command Paras:e:\unit-exam\staff\24.xml e:\unit-exam\audio\ead22c887876444a8a9faed1c55b6a97-24.wav MAN e:\unit-exam\data\ead22c887876444a8a9faed1c55b6a97-24.json 80  
--------------------------------------------
[1] 2019-01-10 02:11:20 Command Paras:e:\unit-exam\staff\35.xml e:\unit-exam\audio\86338ba06dcc40d6bb9282473441eda2-35.wav MAN e:\unit-exam\data\86338ba06dcc40d6bb9282473441eda2-35.json 80 C#5,C#6
--------------------------------------------
[1] 2019-01-10 02:11:22 Command Paras:e:\unit-exam\staff\51.xml e:\unit-exam\audio\c4f3dc9b8d64480389b5e7d7f59840d3-51.wav MAN e:\unit-exam\data\c4f3dc9b8d64480389b5e7d7f59840d3-51.json 80  
--------------------------------------------
[1] 2019-01-10 02:11:29 Command Paras:e:\unit-exam\staff\77.xml e:\unit-exam\audio\15b8c117f4334f69ad39397f0118bd8c-77.wav MAN e:\unit-exam\data\15b8c117f4334f69ad39397f0118bd8c-77.json 85 G#5,C6
--------------------------------------------
[1] 2019-01-10 02:11:40 Command Paras:e:\unit-exam\staff\141.xml e:\unit-exam\audio\6a4b820602fd4e05bcaa60247060d58a-141.wav MAN e:\unit-exam\data\6a4b820602fd4e05bcaa60247060d58a-141.json 75  
--------------------------------------------
[1] 2019-01-10 02:11:51 Command Paras:e:\unit-exam\staff\124.xml e:\unit-exam\audio\5bd03c17388c45839619c283e73482dc-124.wav MAN e:\unit-exam\data\5bd03c17388c45839619c283e73482dc-124.json 80 C#5
--------------------------------------------
[1] 2019-01-10 02:11:53 Command Paras:e:\unit-exam\staff\143.xml e:\unit-exam\audio\04f5c1458c394e59aad8f01a2d02ab36-143.wav MAN e:\unit-exam\data\04f5c1458c394e59aad8f01a2d02ab36-143.json 85 C6,G#5
--------------------------------------------
[1] 2019-01-10 02:11:57 Command Paras:e:\unit-exam\staff\129.xml e:\unit-exam\audio\1f070230adb7474b8863cc2e7506b489-129.wav MAN e:\unit-exam\data\1f070230adb7474b8863cc2e7506b489-129.json 75  
--------------------------------------------
[1] 2019-01-10 02:12:03 Command Paras:e:\unit-exam\staff\17.xml e:\unit-exam\audio\7e37190e659c4958a8efa9714be7c88d-17.wav MAN e:\unit-exam\data\7e37190e659c4958a8efa9714be7c88d-17.json 80 C#5,C#6
--------------------------------------------
[1] 2019-01-10 02:12:05 Command Paras:e:\unit-exam\staff\31.xml e:\unit-exam\audio\dca2086d019347a5a3e7caf95ff8c40d-31.wav MAN e:\unit-exam\data\dca2086d019347a5a3e7caf95ff8c40d-31.json 75 C#6
--------------------------------------------
[1] 2019-01-10 02:12:11 Command Paras:e:\unit-exam\staff\4.xml e:\unit-exam\audio\83ad2ef021c04170863816defd4355e0-4.wav MAN e:\unit-exam\data\83ad2ef021c04170863816defd4355e0-4.json 80 G#5,C#5
--------------------------------------------
[1] 2019-01-10 02:12:14 Command Paras:e:\unit-exam\staff\48.xml e:\unit-exam\audio\f4dfd04718d44820881b0dc24346e80a-48.wav MAN e:\unit-exam\data\f4dfd04718d44820881b0dc24346e80a-48.json 85  
--------------------------------------------
[1] 2019-01-10 02:12:19 Command Paras:e:\unit-exam\staff\64.xml e:\unit-exam\audio\b2ea8e8cb9be4fd089b2dc922d3fd3d9-64.wav MAN e:\unit-exam\data\b2ea8e8cb9be4fd089b2dc922d3fd3d9-64.json 80 B5,C#6
--------------------------------------------
[1] 2019-01-10 02:12:21 Command Paras:e:\unit-exam\staff\97.xml e:\unit-exam\audio\b480f2c1f6f8402ba196e54e883a5846-97.wav MAN e:\unit-exam\data\b480f2c1f6f8402ba196e54e883a5846-97.json 75 G#5,C#6,Bb5
--------------------------------------------
[1] 2019-01-10 02:12:23 Command Paras:e:\unit-exam\staff\15.xml e:\unit-exam\audio\d956430aed14465ebfe9707f59f9a625-15.wav MAN e:\unit-exam\data\d956430aed14465ebfe9707f59f9a625-15.json 75  
--------------------------------------------
[1] 2019-01-10 02:12:26 Command Paras:e:\unit-exam\staff\81.xml e:\unit-exam\audio\f20f4df0189e427e818499437e1e7c2c-81.wav MAN e:\unit-exam\data\f20f4df0189e427e818499437e1e7c2c-81.json 75  
--------------------------------------------
[1] 2019-01-10 02:12:32 Command Paras:e:\unit-exam\staff\39.xml e:\unit-exam\audio\a23f6cd4817342c7b252278ced5c174b-39.wav MAN e:\unit-exam\data\a23f6cd4817342c7b252278ced5c174b-39.json 75  
--------------------------------------------
[1] 2019-01-10 02:12:37 Command Paras:e:\unit-exam\staff\45.xml e:\unit-exam\audio\d95efc9932e14f6c9789afca2b48b537-45.wav MAN e:\unit-exam\data\d95efc9932e14f6c9789afca2b48b537-45.json 75  
--------------------------------------------
[1] 2019-01-10 02:12:44 Command Paras:e:\unit-exam\staff\144.xml e:\unit-exam\audio\a010172752fa4197848fc6baadc69d78-144.wav MAN e:\unit-exam\data\a010172752fa4197848fc6baadc69d78-144.json 80 C#5
--------------------------------------------
[1] 2019-01-10 02:12:49 Command Paras:e:\unit-exam\staff\32.xml e:\unit-exam\audio\609627aa137045c398fd0cdcbb8e5372-32.wav MAN e:\unit-exam\data\609627aa137045c398fd0cdcbb8e5372-32.json 80  
--------------------------------------------
[1] 2019-01-10 02:12:54 Command Paras:e:\unit-exam\staff\62.xml e:\unit-exam\audio\875f5c380b2242749bd46887b73bbe88-62.wav MAN e:\unit-exam\data\875f5c380b2242749bd46887b73bbe88-62.json 80  
--------------------------------------------
[1] 2019-01-10 02:12:56 Command Paras:e:\unit-exam\staff\82.xml e:\unit-exam\audio\93283202195b4aa5888826b273449d55-82.wav MAN e:\unit-exam\data\93283202195b4aa5888826b273449d55-82.json 80 B5
--------------------------------------------
[1] 2019-01-10 02:12:58 Command Paras:e:\unit-exam\staff\16.xml e:\unit-exam\audio\c8b0295a10a542468e96e7726a4e1239-16.wav MAN e:\unit-exam\data\c8b0295a10a542468e96e7726a4e1239-16.json 80 F#5,C#5
--------------------------------------------
[1] 2019-01-10 02:13:03 Command Paras:e:\unit-exam\staff\85.xml e:\unit-exam\audio\9e121e26012b4e5aa146b01f5f6549ac-85.wav MAN e:\unit-exam\data\9e121e26012b4e5aa146b01f5f6549ac-85.json 75 C#6,A#5
--------------------------------------------
[1] 2019-01-10 02:13:05 Command Paras:e:\unit-exam\staff\110.xml e:\unit-exam\audio\894ff6ee674f42798d4291649cafba15-110.wav MAN e:\unit-exam\data\894ff6ee674f42798d4291649cafba15-110.json 75 D#5
--------------------------------------------
[1] 2019-01-10 02:13:08 Command Paras:e:\unit-exam\staff\136.xml e:\unit-exam\audio\a53b337b7b8d42f0a1731cd4ac9d0ded-136.wav MAN e:\unit-exam\data\a53b337b7b8d42f0a1731cd4ac9d0ded-136.json 80 B5
--------------------------------------------
[1] 2019-01-10 02:13:10 Command Paras:e:\unit-exam\staff\146.xml e:\unit-exam\audio\05c5033452334f9a89267c5a35631621-146.wav MAN e:\unit-exam\data\05c5033452334f9a89267c5a35631621-146.json 80 A#5,D6
--------------------------------------------
[1] 2019-01-10 02:13:12 Command Paras:e:\unit-exam\staff\145.xml e:\unit-exam\audio\5cecdf12a169432998b5bc5ba0e42a73-145.wav MAN e:\unit-exam\data\5cecdf12a169432998b5bc5ba0e42a73-145.json 75 C#5,C#6
--------------------------------------------
[1] 2019-01-10 02:13:14 Command Paras:e:\unit-exam\staff\23.xml e:\unit-exam\audio\66fba56bf7464ca0bb38e364266ee547-23.wav MAN e:\unit-exam\data\66fba56bf7464ca0bb38e364266ee547-23.json 80 G#5,C#5
--------------------------------------------
[1] 2019-01-10 02:13:16 Command Paras:e:\unit-exam\staff\29.xml e:\unit-exam\audio\a75bdfead75b4400adc85bfc39bb9f6e-29.wav MAN e:\unit-exam\data\a75bdfead75b4400adc85bfc39bb9f6e-29.json 85 G#5
--------------------------------------------
[1] 2019-01-10 02:13:18 Command Paras:e:\unit-exam\staff\44.xml e:\unit-exam\audio\79dec8c8372746f593b67b6078cba02a-44.wav MAN e:\unit-exam\data\79dec8c8372746f593b67b6078cba02a-44.json 80  
--------------------------------------------
[1] 2019-01-10 02:13:23 Command Paras:e:\unit-exam\staff\11.xml e:\unit-exam\audio\34946027885f49688de077c0039b6fff-11.wav MAN e:\unit-exam\data\34946027885f49688de077c0039b6fff-11.json 80 C#5
--------------------------------------------
[1] 2019-01-10 02:13:25 Command Paras:e:\unit-exam\staff\123.xml e:\unit-exam\audio\334764a24c9f46b1b9d5c61c1e7a85f9-123.wav MAN e:\unit-exam\data\334764a24c9f46b1b9d5c61c1e7a85f9-123.json 75 D#5
--------------------------------------------
[1] 2019-01-10 02:13:28 Command Paras:e:\unit-exam\staff\127.xml e:\unit-exam\audio\0356af6c344d4dc58b89f56afbe8ac1c-127.wav MAN e:\unit-exam\data\0356af6c344d4dc58b89f56afbe8ac1c-127.json 75 C#6
--------------------------------------------
[1] 2019-01-10 02:13:30 Command Paras:e:\unit-exam\staff\1.xml e:\unit-exam\audio\bf69e8d279ac44afb15a45c284a0a54e-1.wav MAN e:\unit-exam\data\bf69e8d279ac44afb15a45c284a0a54e-1.json 75 Eb6
--------------------------------------------
[1] 2019-01-10 02:13:32 Command Paras:e:\unit-exam\staff\27.xml e:\unit-exam\audio\d37a26a2fea14b7dbd0e85097d40855c-27.wav MAN e:\unit-exam\data\d37a26a2fea14b7dbd0e85097d40855c-27.json 75  
--------------------------------------------
[1] 2019-01-10 02:13:33 Command Paras:e:\unit-exam\staff\54.xml e:\unit-exam\audio\25391ae1071f46f3b641244550f79fa5-54.wav MAN e:\unit-exam\data\25391ae1071f46f3b641244550f79fa5-54.json 80  
--------------------------------------------
[1] 2019-01-10 02:13:35 Command Paras:e:\unit-exam\staff\58.xml e:\unit-exam\audio\b576c28d008f46639a4cdf02dd02af33-58.wav MAN e:\unit-exam\data\b576c28d008f46639a4cdf02dd02af33-58.json 80 Ab5,G#5
--------------------------------------------
[1] 2019-01-10 02:13:41 Command Paras:e:\unit-exam\staff\76.xml e:\unit-exam\audio\e9c5b93ab25d4e6d90b62131eb4a65a5-76.wav MAN e:\unit-exam\data\e9c5b93ab25d4e6d90b62131eb4a65a5-76.json 80 G#5
--------------------------------------------
[1] 2019-01-10 02:13:44 Command Paras:e:\unit-exam\staff\9.xml e:\unit-exam\audio\35e0ff86a0824cc39a6f8135fede167a-9.wav MAN e:\unit-exam\data\35e0ff86a0824cc39a6f8135fede167a-9.json 75  
--------------------------------------------
[1] 2019-01-10 02:13:56 Command Paras:e:\unit-exam\staff\92.xml e:\unit-exam\audio\1a369c05342a447987137dc4a60ca7f9-92.wav MAN e:\unit-exam\data\1a369c05342a447987137dc4a60ca7f9-92.json 75 A#5
--------------------------------------------
[1] 2019-01-10 02:14:01 Command Paras:e:\unit-exam\staff\43.xml e:\unit-exam\audio\ba48988f51ed4ae1a3d2756c8195c81f-43.wav MAN e:\unit-exam\data\ba48988f51ed4ae1a3d2756c8195c81f-43.json 75 Bb5,C#6
--------------------------------------------
[1] 2019-01-10 02:14:03 Command Paras:e:\unit-exam\staff\132.xml e:\unit-exam\audio\bb83e50347ab4819a5b3cd2b75449c63-132.wav MAN e:\unit-exam\data\bb83e50347ab4819a5b3cd2b75449c63-132.json 80 C#5
--------------------------------------------
[1] 2019-01-10 02:14:05 Command Paras:e:\unit-exam\staff\120.xml e:\unit-exam\audio\ed61f400261a45149fa0224b58249f01-120.wav MAN e:\unit-exam\data\ed61f400261a45149fa0224b58249f01-120.json 80  
--------------------------------------------
[1] 2019-01-10 02:14:07 Command Paras:e:\unit-exam\staff\33.xml e:\unit-exam\audio\64736e1bb62e4dca8bda7c7cdba62ab4-33.wav MAN e:\unit-exam\data\64736e1bb62e4dca8bda7c7cdba62ab4-33.json 75  
--------------------------------------------
[1] 2019-01-10 02:14:08 Command Paras:e:\unit-exam\staff\116.xml e:\unit-exam\audio\8bcda88b805648fe9d41dca6d532a019-116.wav MAN e:\unit-exam\data\8bcda88b805648fe9d41dca6d532a019-116.json 75 D#5,A#5
--------------------------------------------
[1] 2019-01-10 02:14:14 Command Paras:e:\unit-exam\staff\19.xml e:\unit-exam\audio\c12bd3941136410db63b10aec79d7728-19.wav MAN e:\unit-exam\data\c12bd3941136410db63b10aec79d7728-19.json 75  
--------------------------------------------
[1] 2019-01-10 02:14:17 Command Paras:e:\unit-exam\staff\91.xml e:\unit-exam\audio\ba1f87b389ff401e82e98ffa393d8110-91.wav MAN e:\unit-exam\data\ba1f87b389ff401e82e98ffa393d8110-91.json 75  
--------------------------------------------
[1] 2019-01-10 02:14:23 Command Paras:e:\unit-exam\staff\125.xml e:\unit-exam\audio\3f2769f8a19a4fd1a170016c49c24be5-125.wav MAN e:\unit-exam\data\3f2769f8a19a4fd1a170016c49c24be5-125.json 85  
--------------------------------------------
[1] 2019-01-10 02:14:25 Command Paras:e:\unit-exam\staff\140.xml e:\unit-exam\audio\acf153e777694fdfb7eadd1b3ef9fd80-140.wav MAN e:\unit-exam\data\acf153e777694fdfb7eadd1b3ef9fd80-140.json 75 D#6
--------------------------------------------
[1] 2019-01-10 02:14:27 Command Paras:e:\unit-exam\staff\149.xml e:\unit-exam\audio\f14269154f534a20ad70a76219ff2a95-149.wav MAN e:\unit-exam\data\f14269154f534a20ad70a76219ff2a95-149.json 85  
--------------------------------------------
[1] 2019-01-10 02:14:29 Command Paras:e:\unit-exam\staff\20.xml e:\unit-exam\audio\f0f7066ac8dd42e4ae412b1d3aa0892a-20.wav MAN e:\unit-exam\data\f0f7066ac8dd42e4ae412b1d3aa0892a-20.json 75 A#5,D#5
--------------------------------------------
[1] 2019-01-10 02:14:30 Command Paras:e:\unit-exam\staff\28.xml e:\unit-exam\audio\8eac9025d7f7408fb11e9fb67315512b-28.wav MAN e:\unit-exam\data\8eac9025d7f7408fb11e9fb67315512b-28.json 80  
--------------------------------------------
[1] 2019-01-10 02:14:33 Command Paras:e:\unit-exam\staff\36.xml e:\unit-exam\audio\08269afecdd64b029b7364efe92e5fc3-36.wav MAN e:\unit-exam\data\08269afecdd64b029b7364efe92e5fc3-36.json 80 G#5
--------------------------------------------
[1] 2019-01-10 02:14:36 Command Paras:e:\unit-exam\staff\88.xml e:\unit-exam\audio\4da678cb2ce14245a29dfc5e5103cc58-88.wav MAN e:\unit-exam\data\4da678cb2ce14245a29dfc5e5103cc58-88.json 80 B5,Db6
--------------------------------------------
[1] 2019-01-10 02:14:39 Command Paras:e:\unit-exam\staff\75.xml e:\unit-exam\audio\8a39628a75fc478cabfde9d526a892d1-75.wav MAN e:\unit-exam\data\8a39628a75fc478cabfde9d526a892d1-75.json 75  
--------------------------------------------
[1] 2019-01-10 02:14:44 Command Paras:e:\unit-exam\staff\89.xml e:\unit-exam\audio\94b1e22f498944d199b179c753d74f0e-89.wav MAN e:\unit-exam\data\94b1e22f498944d199b179c753d74f0e-89.json 85 C#5,G#5
--------------------------------------------
[1] 2019-01-10 02:14:48 Command Paras:e:\unit-exam\staff\100.xml e:\unit-exam\audio\de3e7479adef4533924735a32aa6d78e-100.wav MAN e:\unit-exam\data\de3e7479adef4533924735a32aa6d78e-100.json 80 B5
--------------------------------------------
[1] 2019-01-10 02:14:50 Command Paras:e:\unit-exam\staff\121.xml e:\unit-exam\audio\126b0c635fb141468483937d90eb926f-121.wav MAN e:\unit-exam\data\126b0c635fb141468483937d90eb926f-121.json 75 A#4,D#5,Eb5,D#6,Bb5
--------------------------------------------
[1] 2019-01-10 02:14:53 Command Paras:e:\unit-exam\staff\2.xml e:\unit-exam\audio\9c9c954765bb4552bff736f8855eef3f-2.wav MAN e:\unit-exam\data\9c9c954765bb4552bff736f8855eef3f-2.json 75 D#5,A#5
--------------------------------------------
[1] 2019-01-10 02:14:55 Command Paras:e:\unit-exam\staff\95.xml e:\unit-exam\audio\70558d27e6fa422f9c6e4bf5776a72f6-95.wav MAN e:\unit-exam\data\70558d27e6fa422f9c6e4bf5776a72f6-95.json 85 C6,G#5
--------------------------------------------
[1] 2019-01-10 02:15:00 Command Paras:e:\unit-exam\staff\98.xml e:\unit-exam\audio\fe63a9528aca4e00a7f602e9d3d745dd-98.wav MAN e:\unit-exam\data\fe63a9528aca4e00a7f602e9d3d745dd-98.json 80 D6,E#5,G#5
--------------------------------------------
[1] 2019-01-10 02:15:02 Command Paras:e:\unit-exam\staff\96.xml e:\unit-exam\audio\ce0bda185bfd45e0adfd11749c0e062e-96.wav MAN e:\unit-exam\data\ce0bda185bfd45e0adfd11749c0e062e-96.json 80 C#5
--------------------------------------------
[1] 2019-01-10 02:15:06 Command Paras:e:\unit-exam\staff\26.xml e:\unit-exam\audio\630d90e3e974421791c9fd96c94872c7-26.wav MAN e:\unit-exam\data\630d90e3e974421791c9fd96c94872c7-26.json 75 D#5
--------------------------------------------
[1] 2019-01-10 02:15:11 Command Paras:e:\unit-exam\staff\113.xml e:\unit-exam\audio\25f325b6ad78481a9753978a9eba0b61-113.wav MAN e:\unit-exam\data\25f325b6ad78481a9753978a9eba0b61-113.json 85  
--------------------------------------------
[1] 2019-01-10 02:15:13 Command Paras:e:\unit-exam\staff\130.xml e:\unit-exam\audio\097d91ff20274db186ad28fe9f1bf750-130.wav MAN e:\unit-exam\data\097d91ff20274db186ad28fe9f1bf750-130.json 80 B5,Gb5
--------------------------------------------
[1] 2019-01-10 02:15:15 Command Paras:e:\unit-exam\staff\67.xml e:\unit-exam\audio\6ac70e761dd44e919bd767a6eba7ec90-67.wav MAN e:\unit-exam\data\6ac70e761dd44e919bd767a6eba7ec90-67.json 75 C#5,C#6
--------------------------------------------
[1] 2019-01-10 02:15:21 Command Paras:e:\unit-exam\staff\101.xml e:\unit-exam\audio\d30a667ed1a14a04b219f6da868757aa-101.wav MAN e:\unit-exam\data\d30a667ed1a14a04b219f6da868757aa-101.json 85 G#5,F#4
--------------------------------------------
[1] 2019-01-10 02:15:25 Command Paras:e:\unit-exam\staff\106.xml e:\unit-exam\audio\5b18145637ef4099b99fabea35f49d2e-106.wav MAN e:\unit-exam\data\5b18145637ef4099b99fabea35f49d2e-106.json 80 C#5
--------------------------------------------
[1] 2019-01-10 02:15:27 Command Paras:e:\unit-exam\staff\128.xml e:\unit-exam\audio\75d919cf3720487abd747c98cdda9ae7-128.wav MAN e:\unit-exam\data\75d919cf3720487abd747c98cdda9ae7-128.json 80 A#5,G#5
--------------------------------------------
[1] 2019-01-10 02:15:31 Command Paras:e:\unit-exam\staff\25.xml e:\unit-exam\audio\1e5822782a654aa8862968b6a9cea87c-25.wav MAN e:\unit-exam\data\1e5822782a654aa8862968b6a9cea87c-25.json 75 G#5,A#5
--------------------------------------------
[1] 2019-01-10 02:15:33 Command Paras:e:\unit-exam\staff\30.xml e:\unit-exam\audio\af8efc5a2a4849f5868a287b12b392ed-30.wav MAN e:\unit-exam\data\af8efc5a2a4849f5868a287b12b392ed-30.json 80  
--------------------------------------------
[1] 2019-01-10 02:15:35 Command Paras:e:\unit-exam\staff\38.xml e:\unit-exam\audio\d550189779ec4e6b8049cf3f1ebffb1d-38.wav MAN e:\unit-exam\data\d550189779ec4e6b8049cf3f1ebffb1d-38.json 75 D#5,G#5
--------------------------------------------
[1] 2019-01-10 02:15:36 Command Paras:e:\unit-exam\staff\8.xml e:\unit-exam\audio\bb9156a859e743258e535392aef9a8e4-8.wav MAN e:\unit-exam\data\bb9156a859e743258e535392aef9a8e4-8.json 75 D#5,A#4,A#5
--------------------------------------------
[1] 2019-01-10 02:15:48 Command Paras:e:\unit-exam\staff\79.xml e:\unit-exam\audio\4b3ffa4a9ff5469f8a0c7a5f92656f83-79.wav MAN e:\unit-exam\data\4b3ffa4a9ff5469f8a0c7a5f92656f83-79.json 75 E#5,G#5,C#6
--------------------------------------------
[1] 2019-01-10 02:15:54 Command Paras:e:\unit-exam\staff\86.xml e:\unit-exam\audio\425ac326144143a7a6d7cfec7757f2ec-86.wav MAN e:\unit-exam\data\425ac326144143a7a6d7cfec7757f2ec-86.json 75 D#5
--------------------------------------------
[1] 2019-01-10 02:15:56 Command Paras:e:\unit-exam\staff\13.xml e:\unit-exam\audio\97a1699150604074b482c1ced7080880-13.wav MAN e:\unit-exam\data\97a1699150604074b482c1ced7080880-13.json 75 C#6,Eb6,F5,D#5
--------------------------------------------
[1] 2019-01-10 02:15:58 Command Paras:e:\unit-exam\staff\41.xml e:\unit-exam\audio\ff0e8726af8a4f51959cb7c7a1bb66c4-41.wav MAN e:\unit-exam\data\ff0e8726af8a4f51959cb7c7a1bb66c4-41.json 85  
--------------------------------------------
[1] 2019-01-10 02:16:01 Command Paras:e:\unit-exam\staff\56.xml e:\unit-exam\audio\c1acb34108024435a07502b87c732e10-56.wav MAN e:\unit-exam\data\c1acb34108024435a07502b87c732e10-56.json 80 A#5
--------------------------------------------
[1] 2019-01-10 02:16:04 Command Paras:e:\unit-exam\staff\18.xml e:\unit-exam\audio\9fa1ea0a1e44461796a7b24d38bfa28d-18.wav MAN e:\unit-exam\data\9fa1ea0a1e44461796a7b24d38bfa28d-18.json 80 C#5
--------------------------------------------
[1] 2019-01-10 02:16:10 Command Paras:e:\unit-exam\staff\21.xml e:\unit-exam\audio\b793212ec6e5413da66f5a2d40f23413-21.wav MAN e:\unit-exam\data\b793212ec6e5413da66f5a2d40f23413-21.json 75  
--------------------------------------------
[1] 2019-01-10 02:16:12 Command Paras:e:\unit-exam\staff\107.xml e:\unit-exam\audio\b33e18504edd42a3a2267adea1b03a79-107.wav MAN e:\unit-exam\data\b33e18504edd42a3a2267adea1b03a79-107.json 85 G#5,F#5
--------------------------------------------
[1] 2019-01-10 02:16:17 Command Paras:e:\unit-exam\staff\73.xml e:\unit-exam\audio\7d2fb006765f4ebaa73dca355c7e3c03-73.wav MAN e:\unit-exam\data\7d2fb006765f4ebaa73dca355c7e3c03-73.json 75 C#5
--------------------------------------------
[1] 2019-01-10 02:16:23 Command Paras:e:\unit-exam\staff\61.xml e:\unit-exam\audio\f36307917f3049f387b14c76e84a7be9-61.wav MAN e:\unit-exam\data\f36307917f3049f387b14c76e84a7be9-61.json 75  
--------------------------------------------
[1] 2019-01-10 02:16:26 Command Paras:e:\unit-exam\staff\80.xml e:\unit-exam\audio\fa4b79d6d8ca4bf783fc0e82033bb67a-80.wav MAN e:\unit-exam\data\fa4b79d6d8ca4bf783fc0e82033bb67a-80.json 75 G#5
--------------------------------------------
[1] 2019-01-10 02:16:29 Command Paras:e:\unit-exam\staff\139.xml e:\unit-exam\audio\ea2b2867330e4356a826262a1eb677a4-139.wav MAN e:\unit-exam\data\ea2b2867330e4356a826262a1eb677a4-139.json 75  
--------------------------------------------
[1] 2019-01-10 02:16:32 Command Paras:e:\unit-exam\staff\138.xml e:\unit-exam\audio\b305f54298a7422689a9206399e9400e-138.wav MAN e:\unit-exam\data\b305f54298a7422689a9206399e9400e-138.json 80 F#5
--------------------------------------------
[1] 2019-01-10 02:16:36 Command Paras:e:\unit-exam\staff\46.xml e:\unit-exam\audio\f60486f993714d71981a2312a1ebf5da-46.wav MAN e:\unit-exam\data\f60486f993714d71981a2312a1ebf5da-46.json 80 G#5,B5
--------------------------------------------
[1] 2019-01-10 02:16:38 Command Paras:e:\unit-exam\staff\133.xml e:\unit-exam\audio\7d47d61a9d044f0e818976b9a402503a-133.wav MAN e:\unit-exam\data\7d47d61a9d044f0e818976b9a402503a-133.json 75 D#5
--------------------------------------------
[1] 2019-01-10 02:16:41 Command Paras:e:\unit-exam\staff\74.xml e:\unit-exam\audio\d7b0976ec42e4db7ba6acdc5791fa208-74.wav MAN e:\unit-exam\data\d7b0976ec42e4db7ba6acdc5791fa208-74.json 80 D6
--------------------------------------------
[1] 2019-01-10 02:16:45 Command Paras:e:\unit-exam\staff\3.xml e:\unit-exam\audio\11a51228e89449f3ac1b185533cae2b6-3.wav MAN e:\unit-exam\data\11a51228e89449f3ac1b185533cae2b6-3.json 75  
--------------------------------------------
[1] 2019-01-10 02:16:51 Command Paras:e:\unit-exam\staff\71.xml e:\unit-exam\audio\83fa9b2a2c5a43ddba6712d977f9304a-71.wav MAN e:\unit-exam\data\83fa9b2a2c5a43ddba6712d977f9304a-71.json 85  
--------------------------------------------
[1] 2019-01-10 02:16:53 Command Paras:e:\unit-exam\staff\131.xml e:\unit-exam\audio\a9fc7bfe80ee4251b8f8212cd1e3e48e-131.wav MAN e:\unit-exam\data\a9fc7bfe80ee4251b8f8212cd1e3e48e-131.json 80 C#5,F#5,G#5
--------------------------------------------
[1] 2019-01-10 02:16:59 Command Paras:e:\unit-exam\staff\47.xml e:\unit-exam\audio\50f8ea98a1b24e23ae995d50048538d4-47.wav MAN e:\unit-exam\data\50f8ea98a1b24e23ae995d50048538d4-47.json 85  
--------------------------------------------
[1] 2019-01-10 02:17:04 Command Paras:e:\unit-exam\staff\65.xml e:\unit-exam\audio\434f82e842d64c5d85ec6df16fc7b9a3-65.wav MAN e:\unit-exam\data\434f82e842d64c5d85ec6df16fc7b9a3-65.json 85  
--------------------------------------------
[1] 2019-01-10 02:17:06 Command Paras:e:\unit-exam\staff\37.xml e:\unit-exam\audio\b01af63ff69647ba8954ab5378ced741-37.wav MAN e:\unit-exam\data\b01af63ff69647ba8954ab5378ced741-37.json 75 C#6,Eb6,D#6
--------------------------------------------
[1] 2019-01-10 02:17:09 Command Paras:e:\unit-exam\staff\53.xml e:\unit-exam\audio\2730153970134352b592d679426b6370-53.wav MAN e:\unit-exam\data\2730153970134352b592d679426b6370-53.json 80 C#5
--------------------------------------------
[1] 2019-01-10 02:17:12 Command Paras:e:\unit-exam\staff\52.xml e:\unit-exam\audio\1192af2317ba446b94cc3b45b1a245b0-52.wav MAN e:\unit-exam\data\1192af2317ba446b94cc3b45b1a245b0-52.json 80 B4
--------------------------------------------
[1] 2019-01-10 02:17:15 Command Paras:e:\unit-exam\staff\70.xml e:\unit-exam\audio\37d6764263624c57b3fd52be1c879bff-70.wav MAN e:\unit-exam\data\37d6764263624c57b3fd52be1c879bff-70.json 80 B5,C#5
--------------------------------------------
[1] 2019-01-10 02:17:20 Command Paras:e:\unit-exam\staff\106.xml e:\unit-exam\audio\f2a6dd62995846ba901cf6fc45ccb52d-106.wav MAN e:\unit-exam\data\f2a6dd62995846ba901cf6fc45ccb52d-106.json 80 C#5
--------------------------------------------
[1] 2019-01-10 02:17:25 Command Paras:e:\unit-exam\staff\7.xml e:\unit-exam\audio\f4521f5598534b5888b3f6c48bb25eeb-7.wav MAN e:\unit-exam\data\f4521f5598534b5888b3f6c48bb25eeb-7.json 75 C#5,D#5,F5
--------------------------------------------
[1] 2019-01-10 05:07:26 Command Paras:e:\unit-exam\staff\104.xml e:\unit-exam\audio\c9846fa381e64988b2a400789a61a54f-104.wav MAN e:\unit-exam\data\c9846fa381e64988b2a400789a61a54f-104.json 75 D#6,D#5
--------------------------------------------
[1] 2019-01-10 05:07:28 Command Paras:e:\unit-exam\staff\90.xml e:\unit-exam\audio\638d1288722241b19090b79377b77f6b-90.wav MAN e:\unit-exam\data\638d1288722241b19090b79377b77f6b-90.json 80  
--------------------------------------------
[1] 2019-01-10 05:07:31 Command Paras:e:\unit-exam\staff\83.xml e:\unit-exam\audio\5136255f8d6b43c9b2b9c08c802744a6-83.wav MAN e:\unit-exam\data\5136255f8d6b43c9b2b9c08c802744a6-83.json 85 G#5
--------------------------------------------
[1] 2019-01-10 05:07:37 Command Paras:e:\unit-exam\staff\6.xml e:\unit-exam\audio\8bff4d816710406187b6dfab8f55dfe1-6.wav MAN e:\unit-exam\data\8bff4d816710406187b6dfab8f55dfe1-6.json 80  
--------------------------------------------
[1] 2019-01-10 05:07:42 Command Paras:e:\unit-exam\staff\87.xml e:\unit-exam\audio\6ceeda2d41214610a5f0898b616f8d53-87.wav MAN e:\unit-exam\data\6ceeda2d41214610a5f0898b616f8d53-87.json 75  
--------------------------------------------
[1] 2019-01-10 05:07:44 Command Paras:e:\unit-exam\staff\122.xml e:\unit-exam\audio\4582f4da1aa54875a6455e5cd7f594d1-122.wav MAN e:\unit-exam\data\4582f4da1aa54875a6455e5cd7f594d1-122.json 80 D5,A#6
--------------------------------------------
[1] 2019-01-10 05:07:50 Command Paras:e:\unit-exam\staff\12.xml e:\unit-exam\audio\7df7825007434c1499d52860dae5c0d9-12.wav MAN e:\unit-exam\data\7df7825007434c1499d52860dae5c0d9-12.json 80  
--------------------------------------------
[1] 2019-01-10 05:08:01 Command Paras:e:\unit-exam\staff\35.xml e:\unit-exam\audio\3ef8d2b0e26b41fba947c49609bf3802-35.wav MAN e:\unit-exam\data\3ef8d2b0e26b41fba947c49609bf3802-35.json 80 C#5,C#6
--------------------------------------------
[1] 2019-01-10 05:08:04 Command Paras:e:\unit-exam\staff\17.xml e:\unit-exam\audio\efcacc20d8b24d1186014f0c0b3ff1b4-17.wav MAN e:\unit-exam\data\efcacc20d8b24d1186014f0c0b3ff1b4-17.json 80 C#5,C#6
--------------------------------------------
[1] 2019-01-10 05:08:07 Command Paras:e:\unit-exam\staff\97.xml e:\unit-exam\audio\91ec7f5836c44bb89d63a4768c9fc653-97.wav MAN e:\unit-exam\data\91ec7f5836c44bb89d63a4768c9fc653-97.json 75 G#5,C#6,Bb5
--------------------------------------------
[1] 2019-01-10 05:08:08 Command Paras:e:\unit-exam\staff\81.xml e:\unit-exam\audio\d6159fb2b3b141efa8ec5097cba7067e-81.wav MAN e:\unit-exam\data\d6159fb2b3b141efa8ec5097cba7067e-81.json 75  
--------------------------------------------
[1] 2019-01-10 05:08:10 Command Paras:e:\unit-exam\staff\39.xml e:\unit-exam\audio\c36d8c09465444168dc00ad90ff523fc-39.wav MAN e:\unit-exam\data\c36d8c09465444168dc00ad90ff523fc-39.json 75  
--------------------------------------------
[1] 2019-01-10 05:08:13 Command Paras:e:\unit-exam\staff\144.xml e:\unit-exam\audio\df347c2f8ed84dbbb40230a3c8d17532-144.wav MAN e:\unit-exam\data\df347c2f8ed84dbbb40230a3c8d17532-144.json 80 C#5
--------------------------------------------
[1] 2019-01-10 05:08:15 Command Paras:e:\unit-exam\staff\44.xml e:\unit-exam\audio\85e214083a81443aa56a27a5af5f9712-44.wav MAN e:\unit-exam\data\85e214083a81443aa56a27a5af5f9712-44.json 80  
--------------------------------------------
[1] 2019-01-10 05:08:18 Command Paras:e:\unit-exam\staff\123.xml e:\unit-exam\audio\e27bf6b504a545ed91e3e750f6343fd4-123.wav MAN e:\unit-exam\data\e27bf6b504a545ed91e3e750f6343fd4-123.json 75 D#5
--------------------------------------------
[1] 2019-01-10 05:08:19 Command Paras:e:\unit-exam\staff\27.xml e:\unit-exam\audio\4881cc20079542be9b43d044fdad5cde-27.wav MAN e:\unit-exam\data\4881cc20079542be9b43d044fdad5cde-27.json 75  
--------------------------------------------
[1] 2019-01-10 05:08:21 Command Paras:e:\unit-exam\staff\120.xml e:\unit-exam\audio\50a84b884d3f43489c82a735adba88b9-120.wav MAN e:\unit-exam\data\50a84b884d3f43489c82a735adba88b9-120.json 80  
--------------------------------------------
[1] 2019-01-10 05:08:27 Command Paras:e:\unit-exam\staff\128.xml e:\unit-exam\audio\d078f529e083430aa59a70517fdcc5ee-128.wav MAN e:\unit-exam\data\d078f529e083430aa59a70517fdcc5ee-128.json 80 A#5,G#5
--------------------------------------------
[1] 2019-01-10 05:08:34 Command Paras:e:\unit-exam\staff\47.xml e:\unit-exam\audio\7ee4c1216c564c139e931eefd220a5f7-47.wav MAN e:\unit-exam\data\7ee4c1216c564c139e931eefd220a5f7-47.json 85  
--------------------------------------------
[1] 2019-01-10 05:08:39 Command Paras:e:\unit-exam\staff\46.xml e:\unit-exam\audio\11a7c909e3cd49bfbb5f62a4ab287b59-46.wav MAN e:\unit-exam\data\11a7c909e3cd49bfbb5f62a4ab287b59-46.json 80 G#5,B5
--------------------------------------------
