[1] 2019-01-04 09:07:38 Command Paras:e:\unit-exam\staff\1.xml e:\unit-exam\audio\969a91d16f2a40b4be0ccf890b24c431.wav MAN e:\unit-exam\data\969a91d16f2a40b4be0ccf890b24c431-1.json 75 Eb6
--------------------------------------------
[1] 2019-01-04 09:10:09 Command Paras:e:\unit-exam\staff\1.xml e:\unit-exam\audio\b8c2a2291eee4d8b992ee2bf125958b7.wav MAN e:\unit-exam\data\b8c2a2291eee4d8b992ee2bf125958b7-1.json 75 Eb6
--------------------------------------------
[1] 2019-01-04 09:17:28 Command Paras:e:\unit-exam\staff\1.xml e:\unit-exam\audio\1871fd6619424401ad98c909905ae957.wav MAN e:\unit-exam\data\1871fd6619424401ad98c909905ae957-1.json 75 Eb6
--------------------------------------------
[1] 2019-01-04 02:24:32 Command Paras:e:\unit-exam\staff\1.xml e:\unit-exam\audio\ef67617d74594f788f7fb6cdff464f9f.wav MAN e:\unit-exam\data\ef67617d74594f788f7fb6cdff464f9f-1.json 75 Eb6
--------------------------------------------
[1] 2019-01-04 02:25:02 Command Paras:e:\unit-exam\staff\1.xml e:\unit-exam\audio\769225763d214acfbb79aa72ed5a8372.wav MAN e:\unit-exam\data\769225763d214acfbb79aa72ed5a8372-1.json 75 Eb6
--------------------------------------------
[1] 2019-01-04 02:25:38 Command Paras:e:\unit-exam\staff\1.xml e:\unit-exam\audio\d6af9e84253e44d7aab30110a35d0264.wav MAN e:\unit-exam\data\d6af9e84253e44d7aab30110a35d0264-1.json 75 Eb6
--------------------------------------------
[1] 2019-01-04 02:25:45 Command Paras:e:\unit-exam\staff\2.xml e:\unit-exam\audio\97936f1a9a3d4186b20851cea3000a7d.wav MAN e:\unit-exam\data\97936f1a9a3d4186b20851cea3000a7d-2.json 80 A#5
--------------------------------------------
[1] 2019-01-04 02:27:29 Command Paras:e:\unit-exam\staff\14.xml e:\unit-exam\audio\9333e37232db4c8296774afe7f10c7be.wav MAN e:\unit-exam\data\9333e37232db4c8296774afe7f10c7be-14.json 80  
--------------------------------------------
[1] 2019-01-04 02:28:48 Command Paras:e:\unit-exam\staff\67.xml e:\unit-exam\audio\1b908d2510d042a1bbf15a897d7e676a.wav MAN e:\unit-exam\data\1b908d2510d042a1bbf15a897d7e676a-67.json 75 C#5,C#6
--------------------------------------------
[1] 2019-01-04 03:01:11 Command Paras:e:\unit-exam\staff\1.xml e:\unit-exam\audio\3bde6bd554a945c994e4ecb96657b1ce.wav MAN e:\unit-exam\data\3bde6bd554a945c994e4ecb96657b1ce-1.json 75 Eb6
--------------------------------------------
[1] 2019-01-04 03:20:14 Command Paras:e:\unit-exam\staff\129.xml e:\unit-exam\audio\8aad3b81fb3f409480281f30fc19fe36.wav MAN e:\unit-exam\data\8aad3b81fb3f409480281f30fc19fe36-129.json 75  
--------------------------------------------
[1] 2019-01-04 03:22:38 Command Paras:e:\unit-exam\staff\129.xml e:\unit-exam\audio\09720efa18fa4ceabb2551f46a902fb1.wav MAN e:\unit-exam\data\09720efa18fa4ceabb2551f46a902fb1-129.json 75  
--------------------------------------------
[1] 2019-01-04 03:22:43 Command Paras:e:\unit-exam\staff\2.xml e:\unit-exam\audio\172ef8b3d74944efbea2358ae6be024b.wav MAN e:\unit-exam\data\172ef8b3d74944efbea2358ae6be024b-2.json 80 A#5
--------------------------------------------
[1] 2019-01-04 03:24:17 Command Paras:e:\unit-exam\staff\40.xml e:\unit-exam\audio\70b607b3b26d4d56a923137d53a4fe78.wav MAN e:\unit-exam\data\70b607b3b26d4d56a923137d53a4fe78-40.json 80  
--------------------------------------------
[1] 2019-01-04 03:24:53 Command Paras:e:\unit-exam\staff\98.xml e:\unit-exam\audio\ef397254db7545d6aa6c34fad761d642.wav MAN e:\unit-exam\data\ef397254db7545d6aa6c34fad761d642-98.json 80 G#5,E#5
--------------------------------------------
[1] 2019-01-04 03:25:25 Command Paras:e:\unit-exam\staff\129.xml e:\unit-exam\audio\8a72fee02874468e92f4054e53a4aed7.wav MAN e:\unit-exam\data\8a72fee02874468e92f4054e53a4aed7-129.json 75  
--------------------------------------------
[1] 2019-01-04 03:25:32 Command Paras:e:\unit-exam\staff\129.xml e:\unit-exam\audio\e4c146e77a774f7abdac554717584632.wav MAN e:\unit-exam\data\e4c146e77a774f7abdac554717584632-129.json 75  
--------------------------------------------
[1] 2019-01-04 03:25:48 Command Paras:e:\unit-exam\staff\1.xml e:\unit-exam\audio\cc1895b90133414ab5ccc95aabc52cda.wav MAN e:\unit-exam\data\cc1895b90133414ab5ccc95aabc52cda-1.json 75 Eb6
--------------------------------------------
[1] 2019-01-04 03:25:52 Command Paras:e:\unit-exam\staff\2.xml e:\unit-exam\audio\aeeaa453df59475bbcf389ba901430e8.wav MAN e:\unit-exam\data\aeeaa453df59475bbcf389ba901430e8-2.json 80 A#5
--------------------------------------------
[1] 2019-01-04 03:26:02 Command Paras:e:\unit-exam\staff\30.xml e:\unit-exam\audio\223098d63446416cbcab4b909b234331.wav MAN e:\unit-exam\data\223098d63446416cbcab4b909b234331-30.json 80  
--------------------------------------------
[1] 2019-01-04 03:26:08 Command Paras:e:\unit-exam\staff\2.xml e:\unit-exam\audio\2db2c627f27d42b98e6f9d0333fefa9f.wav MAN e:\unit-exam\data\2db2c627f27d42b98e6f9d0333fefa9f-2.json 80 A#5
--------------------------------------------
[1] 2019-01-04 03:54:45 Command Paras:e:\unit-exam\staff\1.xml e:\unit-exam\audio\e68b0104ab554383a98cc2e196c32ee8.wav MAN e:\unit-exam\data\e68b0104ab554383a98cc2e196c32ee8-1.json 75 Eb6
--------------------------------------------
[1] 2019-01-04 04:40:04 Command Paras:e:\unit-exam\staff\3.xml e:\unit-exam\audio\80619601becd4215b2f33f921a59df02.wav MAN e:\unit-exam\data\80619601becd4215b2f33f921a59df02-3.json 75  
--------------------------------------------
[1] 2019-01-04 04:40:12 Command Paras:e:\unit-exam\staff\150.xml e:\unit-exam\audio\df4ae6161e6d4a9c83f46ab797cc9eb0.wav MAN e:\unit-exam\data\df4ae6161e6d4a9c83f46ab797cc9eb0-150.json 80 C#5,C#6,F#5
--------------------------------------------
[1] 2019-01-04 04:41:07 Command Paras:e:\unit-exam\staff\3.xml e:\unit-exam\audio\4897aa7d98b541e59d8788555c9461b1.wav MAN e:\unit-exam\data\4897aa7d98b541e59d8788555c9461b1-3.json 75  
--------------------------------------------
[1] 2019-01-04 04:41:16 Command Paras:e:\unit-exam\staff\4.xml e:\unit-exam\audio\7594d68b416e4d1e9f6f4b968101851b.wav MAN e:\unit-exam\data\7594d68b416e4d1e9f6f4b968101851b-4.json 80 G#5,C#5
--------------------------------------------
[1] 2019-01-04 04:41:21 Command Paras:e:\unit-exam\staff\5.xml e:\unit-exam\audio\09cd74f3457a45b29a6d98f5c8165733.wav MAN e:\unit-exam\data\09cd74f3457a45b29a6d98f5c8165733-5.json 80 C#5
--------------------------------------------
[1] 2019-01-04 04:41:53 Command Paras:e:\unit-exam\staff\129.xml e:\unit-exam\audio\d8940d49a8f04a938cc55da92c4fc58d.wav MAN e:\unit-exam\data\d8940d49a8f04a938cc55da92c4fc58d-129.json 75  
--------------------------------------------
