[1] 2018-12-27 09:20:40 Command Paras:e:\unit-exam\staff\1.xml e:\unit-exam\audio\61d1ba0c82d54c288897e3113b658b5f.wav MAN e:\unit-exam\data\61d1ba0c82d54c288897e3113b658b5f-1.json 75 Eb6
--------------------------------------------
[1] 2018-12-27 09:23:05 Command Paras:e:\unit-exam\staff\1.xml e:\unit-exam\audio\e3f19a5f85ef45c5b0881135b14cf7ad.wav MAN e:\unit-exam\data\e3f19a5f85ef45c5b0881135b14cf7ad-1.json 75 Eb6
--------------------------------------------
[1] 2018-12-27 09:23:11 Command Paras:e:\unit-exam\staff\1.xml e:\unit-exam\audio\d20129d4ffe04ba881994489f9af09ec.wav MAN e:\unit-exam\data\d20129d4ffe04ba881994489f9af09ec-1.json 75 Eb6
--------------------------------------------
[1] 2018-12-27 09:23:14 Command Paras:e:\unit-exam\staff\2.xml e:\unit-exam\audio\bc50c59e280d4b0792b6a09309a89970.wav MAN e:\unit-exam\data\bc50c59e280d4b0792b6a09309a89970-2.json 80 A#5
--------------------------------------------
[1] 2018-12-27 09:23:17 Command Paras:e:\unit-exam\staff\2.xml e:\unit-exam\audio\c5bca3523cb54816a15226b661ea8737.wav MAN e:\unit-exam\data\c5bca3523cb54816a15226b661ea8737-2.json 80 A#5
--------------------------------------------
[1] 2018-12-27 09:23:19 Command Paras:e:\unit-exam\staff\2.xml e:\unit-exam\audio\db459f2dce104127ac0197bf29a11022.wav MAN e:\unit-exam\data\db459f2dce104127ac0197bf29a11022-2.json 80 A#5
--------------------------------------------
[1] 2018-12-27 09:23:32 Command Paras:e:\unit-exam\staff\67.xml e:\unit-exam\audio\59e01e5d9dcf4a75b9c1a8776d5fa12d.wav MAN e:\unit-exam\data\59e01e5d9dcf4a75b9c1a8776d5fa12d-67.json 75 C#5,C#6
--------------------------------------------
[1] 2018-12-27 09:23:36 Command Paras:e:\unit-exam\staff\67.xml e:\unit-exam\audio\e9c09fd8c4d742c089d4dd46e67ef8b8.wav MAN e:\unit-exam\data\e9c09fd8c4d742c089d4dd46e67ef8b8-67.json 75 C#5,C#6
--------------------------------------------
[1] 2018-12-27 09:23:38 Command Paras:e:\unit-exam\staff\67.xml e:\unit-exam\audio\84246200fe7146cca14ed126021c3fe2.wav MAN e:\unit-exam\data\84246200fe7146cca14ed126021c3fe2-67.json 75 C#5,C#6
--------------------------------------------
[1] 2018-12-27 09:23:40 Command Paras:e:\unit-exam\staff\92.xml e:\unit-exam\audio\6642901afb894e449bb7fd0e21df57dd.wav MAN e:\unit-exam\data\6642901afb894e449bb7fd0e21df57dd-92.json 75 A#5
--------------------------------------------
[1] 2018-12-27 09:23:43 Command Paras:e:\unit-exam\staff\92.xml e:\unit-exam\audio\9985aca441e04761a1bae15af443317b.wav MAN e:\unit-exam\data\9985aca441e04761a1bae15af443317b-92.json 75 A#5
--------------------------------------------
[1] 2018-12-27 09:23:45 Command Paras:e:\unit-exam\staff\92.xml e:\unit-exam\audio\14f13b19739443c79fbd43f810e4f042.wav MAN e:\unit-exam\data\14f13b19739443c79fbd43f810e4f042-92.json 75 A#5
--------------------------------------------
[1] 2018-12-27 09:23:48 Command Paras:e:\unit-exam\staff\98.xml e:\unit-exam\audio\8a9f1d8cdb234e62a383995e854937a6.wav MAN e:\unit-exam\data\8a9f1d8cdb234e62a383995e854937a6-98.json 80 G#5,E#5
--------------------------------------------
[1] 2018-12-27 09:23:53 Command Paras:e:\unit-exam\staff\98.xml e:\unit-exam\audio\35d05865c583418cb86dbd11652c81f2.wav MAN e:\unit-exam\data\35d05865c583418cb86dbd11652c81f2-98.json 80 G#5,E#5
--------------------------------------------
[1] 2018-12-27 09:23:56 Command Paras:e:\unit-exam\staff\98.xml e:\unit-exam\audio\6e9f25f0d7934b03afa23a22bbd4b609.wav MAN e:\unit-exam\data\6e9f25f0d7934b03afa23a22bbd4b609-98.json 80 G#5,E#5
--------------------------------------------
[1] 2018-12-27 09:33:28 Command Paras:e:\unit-exam\staff\1.xml e:\unit-exam\audio\e606a5f4b22247c5af3024eb21b9570e.wav MAN e:\unit-exam\data\e606a5f4b22247c5af3024eb21b9570e-1.json 75 Eb6
--------------------------------------------
[1] 2018-12-27 09:33:30 Command Paras:e:\unit-exam\staff\1.xml e:\unit-exam\audio\08eebd36aa144e97bef952b7f717502d.wav MAN e:\unit-exam\data\08eebd36aa144e97bef952b7f717502d-1.json 75 Eb6
--------------------------------------------
[1] 2018-12-27 09:33:32 Command Paras:e:\unit-exam\staff\1.xml e:\unit-exam\audio\27bed07ed92140baace1b1dca6eab709.wav MAN e:\unit-exam\data\27bed07ed92140baace1b1dca6eab709-1.json 75 Eb6
--------------------------------------------
[1] 2018-12-27 09:33:34 Command Paras:e:\unit-exam\staff\2.xml e:\unit-exam\audio\7d943308b61a4a6981f84f346f1d5766.wav MAN e:\unit-exam\data\7d943308b61a4a6981f84f346f1d5766-2.json 80 A#5
--------------------------------------------
[1] 2018-12-27 09:33:35 Command Paras:e:\unit-exam\staff\2.xml e:\unit-exam\audio\3cfa98930b6e4b6698ad5e86b4e88ce5.wav MAN e:\unit-exam\data\3cfa98930b6e4b6698ad5e86b4e88ce5-2.json 80 A#5
--------------------------------------------
[1] 2018-12-27 09:33:37 Command Paras:e:\unit-exam\staff\2.xml e:\unit-exam\audio\c9485f4bcde34b5399892eec439f5c59.wav MAN e:\unit-exam\data\c9485f4bcde34b5399892eec439f5c59-2.json 80 A#5
--------------------------------------------
[1] 2018-12-27 09:33:39 Command Paras:e:\unit-exam\staff\67.xml e:\unit-exam\audio\a154f7594472455b972159f1be87b5a2.wav MAN e:\unit-exam\data\a154f7594472455b972159f1be87b5a2-67.json 75 C#5,C#6
--------------------------------------------
[1] 2018-12-27 09:33:41 Command Paras:e:\unit-exam\staff\67.xml e:\unit-exam\audio\975c1cb225ca4799ad350b386b0a8495.wav MAN e:\unit-exam\data\975c1cb225ca4799ad350b386b0a8495-67.json 75 C#5,C#6
--------------------------------------------
[1] 2018-12-27 09:33:43 Command Paras:e:\unit-exam\staff\67.xml e:\unit-exam\audio\482a973ffea94161bbde02236cfde9b6.wav MAN e:\unit-exam\data\482a973ffea94161bbde02236cfde9b6-67.json 75 C#5,C#6
--------------------------------------------
[1] 2018-12-27 09:33:46 Command Paras:e:\unit-exam\staff\92.xml e:\unit-exam\audio\ee83b6232ea34da794f440246d3cdd6b.wav MAN e:\unit-exam\data\ee83b6232ea34da794f440246d3cdd6b-92.json 75 A#5
--------------------------------------------
[1] 2018-12-27 09:33:48 Command Paras:e:\unit-exam\staff\92.xml e:\unit-exam\audio\17da7c509ab9454ab17ee5e45be88283.wav MAN e:\unit-exam\data\17da7c509ab9454ab17ee5e45be88283-92.json 75 A#5
--------------------------------------------
[1] 2018-12-27 09:33:51 Command Paras:e:\unit-exam\staff\92.xml e:\unit-exam\audio\e0fa8e78659944938d2454af32d3f85e.wav MAN e:\unit-exam\data\e0fa8e78659944938d2454af32d3f85e-92.json 75 A#5
--------------------------------------------
[1] 2018-12-27 09:33:53 Command Paras:e:\unit-exam\staff\98.xml e:\unit-exam\audio\9892f0f578c04a00a393cf1d8e43ec23.wav MAN e:\unit-exam\data\9892f0f578c04a00a393cf1d8e43ec23-98.json 80 G#5,E#5
--------------------------------------------
[1] 2018-12-27 09:33:55 Command Paras:e:\unit-exam\staff\98.xml e:\unit-exam\audio\59e3f33cb26849cd92d0daebe3d70a33.wav MAN e:\unit-exam\data\59e3f33cb26849cd92d0daebe3d70a33-98.json 80 G#5,E#5
--------------------------------------------
[1] 2018-12-27 09:33:57 Command Paras:e:\unit-exam\staff\98.xml e:\unit-exam\audio\ac55d41ae1f543079aac8a90584e1fde.wav MAN e:\unit-exam\data\ac55d41ae1f543079aac8a90584e1fde-98.json 80 G#5,E#5
--------------------------------------------
[1] 2018-12-27 09:40:22 Command Paras:e:\unit-exam\staff\1.xml e:\unit-exam\audio\7fdb21eda9e140cea093091d3b331d7c.wav MAN e:\unit-exam\data\7fdb21eda9e140cea093091d3b331d7c-1.json 75 Eb6
--------------------------------------------
[1] 2018-12-27 09:43:37 Command Paras:e:\unit-exam\staff\1.xml e:\unit-exam\audio\e6b4a961b88c40b38af7917347475ac8.wav MAN e:\unit-exam\data\e6b4a961b88c40b38af7917347475ac8-1.json 75 Eb6
--------------------------------------------
[1] 2018-12-27 09:44:46 Command Paras:e:\unit-exam\staff\1.xml e:\unit-exam\audio\0c63d7ca4bb34cb7ba0cfdd1844ac134.wav MAN e:\unit-exam\data\0c63d7ca4bb34cb7ba0cfdd1844ac134-1.json 75 Eb6
--------------------------------------------
[1] 2018-12-27 09:44:48 Command Paras:e:\unit-exam\staff\1.xml e:\unit-exam\audio\3b2026dd4f4941e5a3fb64cf8c564c60.wav MAN e:\unit-exam\data\3b2026dd4f4941e5a3fb64cf8c564c60-1.json 75 Eb6
--------------------------------------------
[1] 2018-12-27 09:44:49 Command Paras:e:\unit-exam\staff\1.xml e:\unit-exam\audio\710fe20456014ccc94295f782e8bc0cc.wav MAN e:\unit-exam\data\710fe20456014ccc94295f782e8bc0cc-1.json 75 Eb6
--------------------------------------------
[1] 2018-12-27 09:44:52 Command Paras:e:\unit-exam\staff\2.xml e:\unit-exam\audio\39d7ca2919a4438e8ce061ca30db82d9.wav MAN e:\unit-exam\data\39d7ca2919a4438e8ce061ca30db82d9-2.json 80 A#5
--------------------------------------------
[1] 2018-12-27 09:44:54 Command Paras:e:\unit-exam\staff\2.xml e:\unit-exam\audio\53dfc414f8014224a88a546085534294.wav MAN e:\unit-exam\data\53dfc414f8014224a88a546085534294-2.json 80 A#5
--------------------------------------------
[1] 2018-12-27 09:44:56 Command Paras:e:\unit-exam\staff\2.xml e:\unit-exam\audio\f3fd3dc4a54c41e38131ab20f6513915.wav MAN e:\unit-exam\data\f3fd3dc4a54c41e38131ab20f6513915-2.json 80 A#5
--------------------------------------------
[1] 2018-12-27 09:45:09 Command Paras:e:\unit-exam\staff\67.xml e:\unit-exam\audio\f7c7a7aa9fb44421aae216a11195a8d0.wav MAN e:\unit-exam\data\f7c7a7aa9fb44421aae216a11195a8d0-67.json 75 C#5,C#6
--------------------------------------------
[1] 2018-12-27 09:45:11 Command Paras:e:\unit-exam\staff\67.xml e:\unit-exam\audio\e21eedb3a89540f79836ece2a60f0213.wav MAN e:\unit-exam\data\e21eedb3a89540f79836ece2a60f0213-67.json 75 C#5,C#6
--------------------------------------------
[1] 2018-12-27 09:45:14 Command Paras:e:\unit-exam\staff\67.xml e:\unit-exam\audio\833bd28e2266436eb77546590dac9e7b.wav MAN e:\unit-exam\data\833bd28e2266436eb77546590dac9e7b-67.json 75 C#5,C#6
--------------------------------------------
[1] 2018-12-27 09:45:16 Command Paras:e:\unit-exam\staff\92.xml e:\unit-exam\audio\029089371b554c9aaf8893c7d2cdc8ec.wav MAN e:\unit-exam\data\029089371b554c9aaf8893c7d2cdc8ec-92.json 75 A#5
--------------------------------------------
[1] 2018-12-27 09:45:19 Command Paras:e:\unit-exam\staff\92.xml e:\unit-exam\audio\8cdf85a99862494eb48ae68345b922da.wav MAN e:\unit-exam\data\8cdf85a99862494eb48ae68345b922da-92.json 75 A#5
--------------------------------------------
[1] 2018-12-27 09:45:22 Command Paras:e:\unit-exam\staff\92.xml e:\unit-exam\audio\9cfef67fbca94e34b007986a7ab3bcc3.wav MAN e:\unit-exam\data\9cfef67fbca94e34b007986a7ab3bcc3-92.json 75 A#5
--------------------------------------------
[1] 2018-12-27 09:45:24 Command Paras:e:\unit-exam\staff\98.xml e:\unit-exam\audio\c87f8060bb8c45b080051d7b885ebac4.wav MAN e:\unit-exam\data\c87f8060bb8c45b080051d7b885ebac4-98.json 80 G#5,E#5
--------------------------------------------
[1] 2018-12-27 09:45:26 Command Paras:e:\unit-exam\staff\98.xml e:\unit-exam\audio\f1ebd8d58fb448ee8a63d6f815bb4d3f.wav MAN e:\unit-exam\data\f1ebd8d58fb448ee8a63d6f815bb4d3f-98.json 80 G#5,E#5
--------------------------------------------
[1] 2018-12-27 09:45:27 Command Paras:e:\unit-exam\staff\98.xml e:\unit-exam\audio\0a85971b269b41bb9deb794b154c014d.wav MAN e:\unit-exam\data\0a85971b269b41bb9deb794b154c014d-98.json 80 G#5,E#5
--------------------------------------------
[1] 2018-12-27 09:48:57 Command Paras:e:\unit-exam\staff\1.xml e:\unit-exam\audio\46c58177e28c433094ab24a5fe552d3e.wav MAN e:\unit-exam\data\46c58177e28c433094ab24a5fe552d3e-1.json 75 Eb6
--------------------------------------------
[1] 2018-12-27 09:53:00 Command Paras:e:\unit-exam\staff\1.xml e:\unit-exam\audio\2be28219e2ec4060ac4cbe1ff505f3e1.wav MAN e:\unit-exam\data\2be28219e2ec4060ac4cbe1ff505f3e1-1.json 75 Eb6
--------------------------------------------
[1] 2018-12-27 09:53:06 Command Paras:e:\unit-exam\staff\2.xml e:\unit-exam\audio\a0216c101ad045498025cb121d8d037b.wav MAN e:\unit-exam\data\a0216c101ad045498025cb121d8d037b-2.json 80 A#5
--------------------------------------------
[1] 2018-12-27 09:54:18 Command Paras:e:\unit-exam\staff\1.xml e:\unit-exam\audio\fc5bdb83dd474338af302261fae6f124.wav MAN e:\unit-exam\data\fc5bdb83dd474338af302261fae6f124-1.json 75 Eb6
--------------------------------------------
[1] 2018-12-27 10:42:10 Command Paras:e:\unit-exam\staff\14.xml e:\unit-exam\audio\aae2e44c8d2448f4b6b83808d5d19d75.wav MAN e:\unit-exam\data\aae2e44c8d2448f4b6b83808d5d19d75-14.json 80  
--------------------------------------------
[1] 2018-12-27 10:43:15 Command Paras:e:\unit-exam\staff\14.xml e:\unit-exam\audio\788e72a3a68148f9bc9a24058dde61ea.wav MAN e:\unit-exam\data\788e72a3a68148f9bc9a24058dde61ea-14.json 80  
--------------------------------------------
[1] 2018-12-27 10:43:30 Command Paras:e:\unit-exam\staff\14.xml e:\unit-exam\audio\fdc4b7c339f647e8966d287de997929b.wav MAN e:\unit-exam\data\fdc4b7c339f647e8966d287de997929b-14.json 80  
--------------------------------------------
[1] 2018-12-27 10:44:01 Command Paras:e:\unit-exam\staff\14.xml e:\unit-exam\audio\f578b319e3df4c77b2d5eb98d3b6e0b4.wav MAN e:\unit-exam\data\f578b319e3df4c77b2d5eb98d3b6e0b4-14.json 80  
--------------------------------------------
[1] 2018-12-27 10:44:30 Command Paras:e:\unit-exam\staff\14.xml e:\unit-exam\audio\18ea645992404a46aeb98b470fbeae24.wav MAN e:\unit-exam\data\18ea645992404a46aeb98b470fbeae24-14.json 80  
--------------------------------------------
[1] 2018-12-27 11:14:21 Command Paras:e:\unit-exam\staff\14.xml e:\unit-exam\audio\87f1b88196ee42028c1951eb2c49ac17.wav MAN e:\unit-exam\data\87f1b88196ee42028c1951eb2c49ac17-14.json 80  
--------------------------------------------
[1] 2018-12-27 11:14:46 Command Paras:e:\unit-exam\staff\30.xml e:\unit-exam\audio\b08324f963744d669f02202d8abf035f.wav MAN e:\unit-exam\data\b08324f963744d669f02202d8abf035f-30.json 80  
--------------------------------------------
[1] 2018-12-27 11:14:52 Command Paras:e:\unit-exam\staff\1.xml e:\unit-exam\audio\4a2c9b9357cb403f968ae01587c2bc0a.wav MAN e:\unit-exam\data\4a2c9b9357cb403f968ae01587c2bc0a-1.json 75 Eb6
--------------------------------------------
[1] 2018-12-27 01:36:33 Command Paras:e:\unit-exam\staff\1.xml e:\unit-exam\audio\f55a3d7f66c84e0cb127da90e9c852d9.wav MAN e:\unit-exam\data\f55a3d7f66c84e0cb127da90e9c852d9-1.json 75 Eb6
--------------------------------------------
[1] 2018-12-27 01:36:40 Command Paras:e:\unit-exam\staff\14.xml e:\unit-exam\audio\c470752816654bd79c4828848193a6c5.wav MAN e:\unit-exam\data\c470752816654bd79c4828848193a6c5-14.json 80  
--------------------------------------------
