[1] 2017-11-14 03:23:01 ReadScore Error:Expected node name
[1] 2017-11-14 03:23:01 LoadMusicXmlScoreFromBytes Error:
--------------------------------------------
[1] 2017-11-14 03:23:01 ReadScore Error:Expected node name
[1] 2017-11-14 03:23:01 LoadMusicXmlScoreFromBytes Error:
--------------------------------------------
[1] 2017-11-14 03:23:01 ReadScore Error:Expected node name
[1] 2017-11-14 03:23:01 LoadMusicXmlScoreFromBytes Error:
--------------------------------------------
[1] 2017-11-14 03:23:01 ReadScore Error:Expected node name
[1] 2017-11-14 03:23:01 LoadMusicXmlScoreFromBytes Error:
--------------------------------------------
[1] 2017-11-14 03:23:01 ReadScore Error:Expected node name
[1] 2017-11-14 03:23:01 LoadMusicXmlScoreFromBytes Error:
--------------------------------------------
[1] 2017-11-14 03:23:01 ReadScore Error:Expected node name
[1] 2017-11-14 03:23:01 LoadMusicXmlScoreFromBytes Error:
--------------------------------------------
[1] 2017-11-14 03:23:01 View InternalOpenFile Error:引发类型为“Music.MusicXml.NoCompatibleReaderFoundException”的异常。
--------------------------------------------
[1] 2017-11-14 03:23:01 View InternalOpenFile Error:引发类型为“Music.MusicXml.NoCompatibleReaderFoundException”的异常。
--------------------------------------------
[1] 2017-11-14 03:23:01 View InternalOpenFile Error:引发类型为“Music.MusicXml.NoCompatibleReaderFoundException”的异常。
--------------------------------------------
[1] 2017-11-14 03:23:01 View InternalOpenFile Error:引发类型为“Music.MusicXml.NoCompatibleReaderFoundException”的异常。
--------------------------------------------
[1] 2017-11-14 03:23:09 ReadScore Error:Expected node name
--------------------------------------------
[1] 2017-11-14 03:23:09 LoadMusicXmlScoreFromBytes Error:
--------------------------------------------
[1] 2017-11-14 03:23:09 View InternalOpenFile Error:引发类型为“Music.MusicXml.NoCompatibleReaderFoundException”的异常。
--------------------------------------------
[1] 2017-11-14 03:23:10 ReadScore Error:Expected node name
--------------------------------------------
[1] 2017-11-14 03:23:10 LoadMusicXmlScoreFromBytes Error:
--------------------------------------------
[1] 2017-11-14 03:23:10 View InternalOpenFile Error:引发类型为“Music.MusicXml.NoCompatibleReaderFoundException”的异常。
--------------------------------------------
[1] 2017-11-14 03:23:12 ReadScore Error:Expected node name
--------------------------------------------
[1] 2017-11-14 03:23:12 LoadMusicXmlScoreFromBytes Error:
--------------------------------------------
[1] 2017-11-14 03:23:12 View InternalOpenFile Error:引发类型为“Music.MusicXml.NoCompatibleReaderFoundException”的异常。
--------------------------------------------
[1] 2017-11-14 03:23:13 ReadScore Error:Expected node name
--------------------------------------------
[1] 2017-11-14 03:23:13 LoadMusicXmlScoreFromBytes Error:
--------------------------------------------
[1] 2017-11-14 03:23:13 View InternalOpenFile Error:引发类型为“Music.MusicXml.NoCompatibleReaderFoundException”的异常。
--------------------------------------------
[1] 2017-11-14 03:23:15 ReadScore Error:Expected attribute name
--------------------------------------------
[1] 2017-11-14 03:23:15 LoadMusicXmlScoreFromBytes Error:
--------------------------------------------
[1] 2017-11-14 03:23:15 View InternalOpenFile Error:引发类型为“Music.MusicXml.NoCompatibleReaderFoundException”的异常。
--------------------------------------------
[1] 2017-11-14 03:23:16 ReadScore Error:Expected node name
--------------------------------------------
[1] 2017-11-14 03:23:16 LoadMusicXmlScoreFromBytes Error:
--------------------------------------------
[1] 2017-11-14 03:23:16 View InternalOpenFile Error:引发类型为“Music.MusicXml.NoCompatibleReaderFoundException”的异常。
--------------------------------------------
[1] 2017-11-14 03:23:17 ReadScore Error:Expected node name
--------------------------------------------
[1] 2017-11-14 03:23:17 LoadMusicXmlScoreFromBytes Error:
--------------------------------------------
[1] 2017-11-14 03:23:17 View InternalOpenFile Error:引发类型为“Music.MusicXml.NoCompatibleReaderFoundException”的异常。
--------------------------------------------
[1] 2017-11-14 03:23:17 ReadScore Error:Expected node name
--------------------------------------------
[1] 2017-11-14 03:23:17 LoadMusicXmlScoreFromBytes Error:
--------------------------------------------
[1] 2017-11-14 03:23:17 View InternalOpenFile Error:引发类型为“Music.MusicXml.NoCompatibleReaderFoundException”的异常。
--------------------------------------------
[1] 2017-11-14 03:23:18 ReadScore Error:Expected node name
--------------------------------------------
[1] 2017-11-14 03:23:18 LoadMusicXmlScoreFromBytes Error:
--------------------------------------------
[1] 2017-11-14 03:23:18 View InternalOpenFile Error:引发类型为“Music.MusicXml.NoCompatibleReaderFoundException”的异常。
--------------------------------------------
[1] 2017-11-14 03:23:18 ReadScore Error:Expected node name
--------------------------------------------
[1] 2017-11-14 03:23:18 LoadMusicXmlScoreFromBytes Error:
--------------------------------------------
[1] 2017-11-14 03:23:18 View InternalOpenFile Error:引发类型为“Music.MusicXml.NoCompatibleReaderFoundException”的异常。
--------------------------------------------
[1] 2017-11-14 03:23:19 ReadScore Error:Expected node name
--------------------------------------------
[1] 2017-11-14 03:23:19 LoadMusicXmlScoreFromBytes Error:
--------------------------------------------
[1] 2017-11-14 03:23:19 View InternalOpenFile Error:引发类型为“Music.MusicXml.NoCompatibleReaderFoundException”的异常。
--------------------------------------------
[1] 2017-11-14 03:23:20 ReadScore Error:Expected node name
--------------------------------------------
[1] 2017-11-14 03:23:20 LoadMusicXmlScoreFromBytes Error:
--------------------------------------------
[1] 2017-11-14 03:23:20 View InternalOpenFile Error:引发类型为“Music.MusicXml.NoCompatibleReaderFoundException”的异常。
--------------------------------------------
[1] 2017-11-14 03:23:20 ReadScore Error:Expected node name
--------------------------------------------
[1] 2017-11-14 03:23:20 LoadMusicXmlScoreFromBytes Error:
--------------------------------------------
[1] 2017-11-14 03:23:20 View InternalOpenFile Error:引发类型为“Music.MusicXml.NoCompatibleReaderFoundException”的异常。
--------------------------------------------
[1] 2017-11-14 03:23:21 ReadScore Error:Expected node name
--------------------------------------------
[1] 2017-11-14 03:23:21 LoadMusicXmlScoreFromBytes Error:
--------------------------------------------
[1] 2017-11-14 03:23:21 View InternalOpenFile Error:引发类型为“Music.MusicXml.NoCompatibleReaderFoundException”的异常。
--------------------------------------------
[1] 2017-11-14 03:23:22 ReadScore Error:Expected node name
--------------------------------------------
[1] 2017-11-14 03:23:22 LoadMusicXmlScoreFromBytes Error:
--------------------------------------------
[1] 2017-11-14 03:23:22 View InternalOpenFile Error:引发类型为“Music.MusicXml.NoCompatibleReaderFoundException”的异常。
--------------------------------------------
[1] 2017-11-14 03:23:23 ReadScore Error:Expected node name
--------------------------------------------
[1] 2017-11-14 03:23:23 LoadMusicXmlScoreFromBytes Error:
--------------------------------------------
[1] 2017-11-14 03:23:23 View InternalOpenFile Error:引发类型为“Music.MusicXml.NoCompatibleReaderFoundException”的异常。
--------------------------------------------
[1] 2017-11-14 03:23:23 ReadScore Error:Expected node name
--------------------------------------------
[1] 2017-11-14 03:23:23 LoadMusicXmlScoreFromBytes Error:
--------------------------------------------
[1] 2017-11-14 03:23:23 View InternalOpenFile Error:引发类型为“Music.MusicXml.NoCompatibleReaderFoundException”的异常。
--------------------------------------------
[1] 2017-11-14 03:23:24 ReadScore Error:Expected node name
--------------------------------------------
[1] 2017-11-14 03:23:24 LoadMusicXmlScoreFromBytes Error:
--------------------------------------------
[1] 2017-11-14 03:23:24 View InternalOpenFile Error:引发类型为“Music.MusicXml.NoCompatibleReaderFoundException”的异常。
--------------------------------------------
[1] 2017-11-14 03:23:24 ReadScore Error:Expected node name
--------------------------------------------
[1] 2017-11-14 03:23:24 LoadMusicXmlScoreFromBytes Error:
--------------------------------------------
[1] 2017-11-14 03:23:24 View InternalOpenFile Error:引发类型为“Music.MusicXml.NoCompatibleReaderFoundException”的异常。
--------------------------------------------
[1] 2017-11-14 03:23:25 ReadScore Error:Expected node name
--------------------------------------------
[1] 2017-11-14 03:23:25 LoadMusicXmlScoreFromBytes Error:
--------------------------------------------
[1] 2017-11-14 03:23:25 View InternalOpenFile Error:引发类型为“Music.MusicXml.NoCompatibleReaderFoundException”的异常。
--------------------------------------------
[1] 2017-11-14 03:23:25 ReadScore Error:Expected node name
--------------------------------------------
[1] 2017-11-14 03:23:25 LoadMusicXmlScoreFromBytes Error:
--------------------------------------------
[1] 2017-11-14 03:23:25 View InternalOpenFile Error:引发类型为“Music.MusicXml.NoCompatibleReaderFoundException”的异常。
--------------------------------------------
[1] 2017-11-14 03:23:26 ReadScore Error:Expected node name
--------------------------------------------
[1] 2017-11-14 03:23:26 LoadMusicXmlScoreFromBytes Error:
--------------------------------------------
[1] 2017-11-14 03:23:26 View InternalOpenFile Error:引发类型为“Music.MusicXml.NoCompatibleReaderFoundException”的异常。
--------------------------------------------
[1] 2017-11-14 03:23:30 ReadScore Error:Expected node name
[1] 2017-11-14 03:23:30 LoadMusicXmlScoreFromBytes Error:
--------------------------------------------
[1] 2017-11-14 03:23:30 View InternalOpenFile Error:引发类型为“Music.MusicXml.NoCompatibleReaderFoundException”的异常。
--------------------------------------------
[1] 2017-11-14 03:23:30 ReadScore Error:Expected node name
[1] 2017-11-14 03:23:30 LoadMusicXmlScoreFromBytes Error:
--------------------------------------------
[1] 2017-11-14 03:23:30 View InternalOpenFile Error:引发类型为“Music.MusicXml.NoCompatibleReaderFoundException”的异常。
--------------------------------------------
[1] 2017-11-14 03:23:30 ReadScore Error:Expected node name
--------------------------------------------
[1] 2017-11-14 03:23:30 LoadMusicXmlScoreFromBytes Error:
--------------------------------------------
[1] 2017-11-14 03:23:30 View InternalOpenFile Error:引发类型为“Music.MusicXml.NoCompatibleReaderFoundException”的异常。
--------------------------------------------
[1] 2017-11-14 03:23:31 ReadScore Error:Expected node name
--------------------------------------------
[1] 2017-11-14 03:23:31 LoadMusicXmlScoreFromBytes Error:
--------------------------------------------
[1] 2017-11-14 03:23:31 View InternalOpenFile Error:引发类型为“Music.MusicXml.NoCompatibleReaderFoundException”的异常。
--------------------------------------------
[1] 2017-11-14 03:23:31 ReadScore Error:Expected node name
--------------------------------------------
[1] 2017-11-14 03:23:31 LoadMusicXmlScoreFromBytes Error:
--------------------------------------------
[1] 2017-11-14 03:23:31 View InternalOpenFile Error:引发类型为“Music.MusicXml.NoCompatibleReaderFoundException”的异常。
--------------------------------------------
[1] 2017-11-14 03:23:31 ReadScore Error:Expected node name
--------------------------------------------
[1] 2017-11-14 03:23:31 LoadMusicXmlScoreFromBytes Error:
--------------------------------------------
[1] 2017-11-14 03:23:31 View InternalOpenFile Error:引发类型为“Music.MusicXml.NoCompatibleReaderFoundException”的异常。
--------------------------------------------
[1] 2017-11-14 03:23:35 ReadScore Error:Expected node name
--------------------------------------------
[1] 2017-11-14 03:23:35 LoadMusicXmlScoreFromBytes Error:
--------------------------------------------
[1] 2017-11-14 03:23:35 View InternalOpenFile Error:引发类型为“Music.MusicXml.NoCompatibleReaderFoundException”的异常。
--------------------------------------------
[1] 2017-11-14 03:23:35 ReadScore Error:Expected node name
--------------------------------------------
[1] 2017-11-14 03:23:35 LoadMusicXmlScoreFromBytes Error:
--------------------------------------------
[1] 2017-11-14 03:23:35 View InternalOpenFile Error:引发类型为“Music.MusicXml.NoCompatibleReaderFoundException”的异常。
--------------------------------------------
[1] 2017-11-14 03:23:35 ReadScore Error:Expected node name
--------------------------------------------
[1] 2017-11-14 03:23:35 LoadMusicXmlScoreFromBytes Error:
--------------------------------------------
[1] 2017-11-14 03:23:35 View InternalOpenFile Error:引发类型为“Music.MusicXml.NoCompatibleReaderFoundException”的异常。
--------------------------------------------
[1] 2017-11-14 03:23:35 ReadScore Error:Expected node name
--------------------------------------------
[1] 2017-11-14 03:23:35 LoadMusicXmlScoreFromBytes Error:
--------------------------------------------
[1] 2017-11-14 03:23:35 View InternalOpenFile Error:引发类型为“Music.MusicXml.NoCompatibleReaderFoundException”的异常。
--------------------------------------------
[1] 2017-11-14 03:23:35 ReadScore Error:Expected node name
--------------------------------------------
[1] 2017-11-14 03:23:35 LoadMusicXmlScoreFromBytes Error:
--------------------------------------------
[1] 2017-11-14 03:23:35 View InternalOpenFile Error:引发类型为“Music.MusicXml.NoCompatibleReaderFoundException”的异常。
--------------------------------------------
[1] 2017-11-14 03:23:35 ReadScore Error:Expected node name
--------------------------------------------
[1] 2017-11-14 03:23:35 LoadMusicXmlScoreFromBytes Error:
--------------------------------------------
[1] 2017-11-14 03:23:35 View InternalOpenFile Error:引发类型为“Music.MusicXml.NoCompatibleReaderFoundException”的异常。
--------------------------------------------
[1] 2017-11-14 03:23:39 ReadScore Error:Expected node name
--------------------------------------------
[1] 2017-11-14 03:23:39 LoadMusicXmlScoreFromBytes Error:
--------------------------------------------
[1] 2017-11-14 03:23:39 View InternalOpenFile Error:引发类型为“Music.MusicXml.NoCompatibleReaderFoundException”的异常。
--------------------------------------------
[1] 2017-11-14 03:23:39 ReadScore Error:Expected node name
--------------------------------------------
[1] 2017-11-14 03:23:39 LoadMusicXmlScoreFromBytes Error:
--------------------------------------------
[1] 2017-11-14 03:23:39 View InternalOpenFile Error:引发类型为“Music.MusicXml.NoCompatibleReaderFoundException”的异常。
--------------------------------------------
[1] 2017-11-14 03:23:40 ReadScore Error:Expected node name
--------------------------------------------
[1] 2017-11-14 03:23:40 LoadMusicXmlScoreFromBytes Error:
--------------------------------------------
[1] 2017-11-14 03:23:40 View InternalOpenFile Error:引发类型为“Music.MusicXml.NoCompatibleReaderFoundException”的异常。
--------------------------------------------
[1] 2017-11-14 03:23:40 ReadScore Error:Expected node name
--------------------------------------------
[1] 2017-11-14 03:23:40 LoadMusicXmlScoreFromBytes Error:
--------------------------------------------
[1] 2017-11-14 03:23:40 View InternalOpenFile Error:引发类型为“Music.MusicXml.NoCompatibleReaderFoundException”的异常。
--------------------------------------------
